[DEBUG] 2021-03-19 15:55:55.819 [http-nio-8080-exec-3] IntegratorServiceImpl - Adding Integrator [org.hibernate.cfg.beanvalidation.BeanValidationIntegrator].
[DEBUG] 2021-03-19 15:55:55.889 [http-nio-8080-exec-3] IntegratorServiceImpl - Adding Integrator [org.hibernate.secure.spi.JaccIntegrator].
[DEBUG] 2021-03-19 15:55:55.920 [http-nio-8080-exec-3] IntegratorServiceImpl - Adding Integrator [org.hibernate.cache.internal.CollectionCacheInvalidator].
[TRACE] 2021-03-19 15:55:55.962 [http-nio-8080-exec-3] StrategySelectorImpl - Registering named strategy selector [org.hibernate.dialect.Dialect] : [Cache71] -> [org.hibernate.dialect.Cache71Dialect]
[TRACE] 2021-03-19 15:55:55.964 [http-nio-8080-exec-3] StrategySelectorImpl - Registering named strategy selector [org.hibernate.dialect.Dialect] : [CUBRID] -> [org.hibernate.dialect.CUBRIDDialect]
[TRACE] 2021-03-19 15:55:55.966 [http-nio-8080-exec-3] StrategySelectorImpl - Registering named strategy selector [org.hibernate.dialect.Dialect] : [DB2] -> [org.hibernate.dialect.DB2Dialect]
[TRACE] 2021-03-19 15:55:55.967 [http-nio-8080-exec-3] StrategySelectorImpl - Registering named strategy selector [org.hibernate.dialect.Dialect] : [DB2390] -> [org.hibernate.dialect.DB2390Dialect]
[TRACE] 2021-03-19 15:55:55.970 [http-nio-8080-exec-3] StrategySelectorImpl - Registering named strategy selector [org.hibernate.dialect.Dialect] : [DB2390V8] -> [org.hibernate.dialect.DB2390V8Dialect]
[TRACE] 2021-03-19 15:55:55.971 [http-nio-8080-exec-3] StrategySelectorImpl - Registering named strategy selector [org.hibernate.dialect.Dialect] : [DB2400] -> [org.hibernate.dialect.DB2400Dialect]
[TRACE] 2021-03-19 15:55:55.975 [http-nio-8080-exec-3] StrategySelectorImpl - Registering named strategy selector [org.hibernate.dialect.Dialect] : [DerbyTenFive] -> [org.hibernate.dialect.DerbyTenFiveDialect]
[TRACE] 2021-03-19 15:55:55.976 [http-nio-8080-exec-3] StrategySelectorImpl - Registering named strategy selector [org.hibernate.dialect.Dialect] : [DerbyTenSix] -> [org.hibernate.dialect.DerbyTenSixDialect]
[TRACE] 2021-03-19 15:55:55.978 [http-nio-8080-exec-3] StrategySelectorImpl - Registering named strategy selector [org.hibernate.dialect.Dialect] : [DerbyTenSeven] -> [org.hibernate.dialect.DerbyTenSevenDialect]
[TRACE] 2021-03-19 15:55:55.980 [http-nio-8080-exec-3] StrategySelectorImpl - Registering named strategy selector [org.hibernate.dialect.Dialect] : [Firebird] -> [org.hibernate.dialect.FirebirdDialect]
[TRACE] 2021-03-19 15:55:55.981 [http-nio-8080-exec-3] StrategySelectorImpl - Registering named strategy selector [org.hibernate.dialect.Dialect] : [FrontBase] -> [org.hibernate.dialect.FrontBaseDialect]
[TRACE] 2021-03-19 15:55:55.983 [http-nio-8080-exec-3] StrategySelectorImpl - Registering named strategy selector [org.hibernate.dialect.Dialect] : [H2] -> [org.hibernate.dialect.H2Dialect]
[TRACE] 2021-03-19 15:55:55.987 [http-nio-8080-exec-3] StrategySelectorImpl - Registering named strategy selector [org.hibernate.dialect.Dialect] : [HANAColumnStore] -> [org.hibernate.dialect.HANAColumnStoreDialect]
[TRACE] 2021-03-19 15:55:55.988 [http-nio-8080-exec-3] StrategySelectorImpl - Registering named strategy selector [org.hibernate.dialect.Dialect] : [HANARowStore] -> [org.hibernate.dialect.HANARowStoreDialect]
[TRACE] 2021-03-19 15:55:55.989 [http-nio-8080-exec-3] StrategySelectorImpl - Registering named strategy selector [org.hibernate.dialect.Dialect] : [HSQL] -> [org.hibernate.dialect.HSQLDialect]
[TRACE] 2021-03-19 15:55:55.992 [http-nio-8080-exec-3] StrategySelectorImpl - Registering named strategy selector [org.hibernate.dialect.Dialect] : [Informix] -> [org.hibernate.dialect.InformixDialect]
[TRACE] 2021-03-19 15:55:55.994 [http-nio-8080-exec-3] StrategySelectorImpl - Registering named strategy selector [org.hibernate.dialect.Dialect] : [Ingres] -> [org.hibernate.dialect.IngresDialect]
[TRACE] 2021-03-19 15:55:55.995 [http-nio-8080-exec-3] StrategySelectorImpl - Registering named strategy selector [org.hibernate.dialect.Dialect] : [Ingres9] -> [org.hibernate.dialect.Ingres9Dialect]
[TRACE] 2021-03-19 15:55:55.996 [http-nio-8080-exec-3] StrategySelectorImpl - Registering named strategy selector [org.hibernate.dialect.Dialect] : [Ingres10] -> [org.hibernate.dialect.Ingres10Dialect]
[TRACE] 2021-03-19 15:55:55.996 [http-nio-8080-exec-3] StrategySelectorImpl - Registering named strategy selector [org.hibernate.dialect.Dialect] : [Interbase] -> [org.hibernate.dialect.InterbaseDialect]
[TRACE] 2021-03-19 15:55:55.998 [http-nio-8080-exec-3] StrategySelectorImpl - Registering named strategy selector [org.hibernate.dialect.Dialect] : [JDataStore] -> [org.hibernate.dialect.JDataStoreDialect]
[TRACE] 2021-03-19 15:55:56.000 [http-nio-8080-exec-3] StrategySelectorImpl - Registering named strategy selector [org.hibernate.dialect.Dialect] : [Mckoi] -> [org.hibernate.dialect.MckoiDialect]
[TRACE] 2021-03-19 15:55:56.002 [http-nio-8080-exec-3] StrategySelectorImpl - Registering named strategy selector [org.hibernate.dialect.Dialect] : [MimerSQL] -> [org.hibernate.dialect.MimerSQLDialect]
[TRACE] 2021-03-19 15:55:56.005 [http-nio-8080-exec-3] StrategySelectorImpl - Registering named strategy selector [org.hibernate.dialect.Dialect] : [MySQL5] -> [org.hibernate.dialect.MySQL5Dialect]
[TRACE] 2021-03-19 15:55:56.007 [http-nio-8080-exec-3] StrategySelectorImpl - Registering named strategy selector [org.hibernate.dialect.Dialect] : [MySQL5InnoDB] -> [org.hibernate.dialect.MySQL5InnoDBDialect]
[TRACE] 2021-03-19 15:55:56.008 [http-nio-8080-exec-3] StrategySelectorImpl - Registering named strategy selector [org.hibernate.dialect.Dialect] : [MySQL57InnoDB] -> [org.hibernate.dialect.MySQL57InnoDBDialect]
[TRACE] 2021-03-19 15:55:56.010 [http-nio-8080-exec-3] StrategySelectorImpl - Registering named strategy selector [org.hibernate.dialect.Dialect] : [MySQL57] -> [org.hibernate.dialect.MySQL57Dialect]
[TRACE] 2021-03-19 15:55:56.011 [http-nio-8080-exec-3] StrategySelectorImpl - Registering named strategy selector [org.hibernate.dialect.Dialect] : [MySQL8] -> [org.hibernate.dialect.MySQL8Dialect]
[TRACE] 2021-03-19 15:55:56.012 [http-nio-8080-exec-3] StrategySelectorImpl - Registering named strategy selector [org.hibernate.dialect.Dialect] : [Oracle8i] -> [org.hibernate.dialect.Oracle8iDialect]
[TRACE] 2021-03-19 15:55:56.014 [http-nio-8080-exec-3] StrategySelectorImpl - Registering named strategy selector [org.hibernate.dialect.Dialect] : [Oracle9i] -> [org.hibernate.dialect.Oracle9iDialect]
[TRACE] 2021-03-19 15:55:56.016 [http-nio-8080-exec-3] StrategySelectorImpl - Registering named strategy selector [org.hibernate.dialect.Dialect] : [Oracle10g] -> [org.hibernate.dialect.Oracle10gDialect]
[TRACE] 2021-03-19 15:55:56.017 [http-nio-8080-exec-3] StrategySelectorImpl - Registering named strategy selector [org.hibernate.dialect.Dialect] : [Pointbase] -> [org.hibernate.dialect.PointbaseDialect]
[TRACE] 2021-03-19 15:55:56.021 [http-nio-8080-exec-3] StrategySelectorImpl - Registering named strategy selector [org.hibernate.dialect.Dialect] : [PostgresPlus] -> [org.hibernate.dialect.PostgresPlusDialect]
[TRACE] 2021-03-19 15:55:56.021 [http-nio-8080-exec-3] StrategySelectorImpl - Registering named strategy selector [org.hibernate.dialect.Dialect] : [PostgreSQL81] -> [org.hibernate.dialect.PostgreSQL81Dialect]
[TRACE] 2021-03-19 15:55:56.021 [http-nio-8080-exec-3] StrategySelectorImpl - Registering named strategy selector [org.hibernate.dialect.Dialect] : [PostgreSQL82] -> [org.hibernate.dialect.PostgreSQL82Dialect]
[TRACE] 2021-03-19 15:55:56.023 [http-nio-8080-exec-3] StrategySelectorImpl - Registering named strategy selector [org.hibernate.dialect.Dialect] : [PostgreSQL9] -> [org.hibernate.dialect.PostgreSQL9Dialect]
[TRACE] 2021-03-19 15:55:56.025 [http-nio-8080-exec-3] StrategySelectorImpl - Registering named strategy selector [org.hibernate.dialect.Dialect] : [Progress] -> [org.hibernate.dialect.ProgressDialect]
[TRACE] 2021-03-19 15:55:56.027 [http-nio-8080-exec-3] StrategySelectorImpl - Registering named strategy selector [org.hibernate.dialect.Dialect] : [SAPDB] -> [org.hibernate.dialect.SAPDBDialect]
[TRACE] 2021-03-19 15:55:56.031 [http-nio-8080-exec-3] StrategySelectorImpl - Registering named strategy selector [org.hibernate.dialect.Dialect] : [SQLServer] -> [org.hibernate.dialect.SQLServerDialect]
[TRACE] 2021-03-19 15:55:56.032 [http-nio-8080-exec-3] StrategySelectorImpl - Registering named strategy selector [org.hibernate.dialect.Dialect] : [SQLServer2005] -> [org.hibernate.dialect.SQLServer2005Dialect]
[TRACE] 2021-03-19 15:55:56.034 [http-nio-8080-exec-3] StrategySelectorImpl - Registering named strategy selector [org.hibernate.dialect.Dialect] : [SQLServer2008] -> [org.hibernate.dialect.SQLServer2008Dialect]
[TRACE] 2021-03-19 15:55:56.038 [http-nio-8080-exec-3] StrategySelectorImpl - Registering named strategy selector [org.hibernate.dialect.Dialect] : [Sybase11] -> [org.hibernate.dialect.Sybase11Dialect]
[TRACE] 2021-03-19 15:55:56.039 [http-nio-8080-exec-3] StrategySelectorImpl - Registering named strategy selector [org.hibernate.dialect.Dialect] : [SybaseAnywhere] -> [org.hibernate.dialect.SybaseAnywhereDialect]
[TRACE] 2021-03-19 15:55:56.043 [http-nio-8080-exec-3] StrategySelectorImpl - Registering named strategy selector [org.hibernate.dialect.Dialect] : [SybaseASE15] -> [org.hibernate.dialect.SybaseASE15Dialect]
[TRACE] 2021-03-19 15:55:56.044 [http-nio-8080-exec-3] StrategySelectorImpl - Registering named strategy selector [org.hibernate.dialect.Dialect] : [SybaseASE157] -> [org.hibernate.dialect.SybaseASE157Dialect]
[TRACE] 2021-03-19 15:55:56.046 [http-nio-8080-exec-3] StrategySelectorImpl - Registering named strategy selector [org.hibernate.dialect.Dialect] : [Teradata] -> [org.hibernate.dialect.TeradataDialect]
[TRACE] 2021-03-19 15:55:56.047 [http-nio-8080-exec-3] StrategySelectorImpl - Registering named strategy selector [org.hibernate.dialect.Dialect] : [TimesTen] -> [org.hibernate.dialect.TimesTenDialect]
[TRACE] 2021-03-19 15:55:56.059 [http-nio-8080-exec-3] StrategySelectorImpl - Registering named strategy selector [org.hibernate.engine.transaction.jta.platform.spi.JtaPlatform] : [Atomikos] -> [org.hibernate.engine.transaction.jta.platform.internal.AtomikosJtaPlatform]
[TRACE] 2021-03-19 15:55:56.059 [http-nio-8080-exec-3] StrategySelectorImpl - Registering named strategy selector [org.hibernate.engine.transaction.jta.platform.spi.JtaPlatform] : [org.hibernate.service.jta.platform.internal.AtomikosJtaPlatform] -> [org.hibernate.engine.transaction.jta.platform.internal.AtomikosJtaPlatform]
[TRACE] 2021-03-19 15:55:56.061 [http-nio-8080-exec-3] StrategySelectorImpl - Registering named strategy selector [org.hibernate.engine.transaction.jta.platform.spi.JtaPlatform] : [Borland] -> [org.hibernate.engine.transaction.jta.platform.internal.BorlandEnterpriseServerJtaPlatform]
[TRACE] 2021-03-19 15:55:56.061 [http-nio-8080-exec-3] StrategySelectorImpl - Registering named strategy selector [org.hibernate.engine.transaction.jta.platform.spi.JtaPlatform] : [org.hibernate.service.jta.platform.internal.BorlandEnterpriseServerJtaPlatform] -> [org.hibernate.engine.transaction.jta.platform.internal.BorlandEnterpriseServerJtaPlatform]
[TRACE] 2021-03-19 15:55:56.064 [http-nio-8080-exec-3] StrategySelectorImpl - Registering named strategy selector [org.hibernate.engine.transaction.jta.platform.spi.JtaPlatform] : [Bitronix] -> [org.hibernate.engine.transaction.jta.platform.internal.BitronixJtaPlatform]
[TRACE] 2021-03-19 15:55:56.064 [http-nio-8080-exec-3] StrategySelectorImpl - Registering named strategy selector [org.hibernate.engine.transaction.jta.platform.spi.JtaPlatform] : [org.hibernate.service.jta.platform.internal.BitronixJtaPlatform] -> [org.hibernate.engine.transaction.jta.platform.internal.BitronixJtaPlatform]
[TRACE] 2021-03-19 15:55:56.065 [http-nio-8080-exec-3] StrategySelectorImpl - Registering named strategy selector [org.hibernate.engine.transaction.jta.platform.spi.JtaPlatform] : [JBossAS] -> [org.hibernate.engine.transaction.jta.platform.internal.JBossAppServerJtaPlatform]
[TRACE] 2021-03-19 15:55:56.065 [http-nio-8080-exec-3] StrategySelectorImpl - Registering named strategy selector [org.hibernate.engine.transaction.jta.platform.spi.JtaPlatform] : [org.hibernate.service.jta.platform.internal.JBossAppServerJtaPlatform] -> [org.hibernate.engine.transaction.jta.platform.internal.JBossAppServerJtaPlatform]
[TRACE] 2021-03-19 15:55:56.069 [http-nio-8080-exec-3] StrategySelectorImpl - Registering named strategy selector [org.hibernate.engine.transaction.jta.platform.spi.JtaPlatform] : [JBossTS] -> [org.hibernate.engine.transaction.jta.platform.internal.JBossStandAloneJtaPlatform]
[TRACE] 2021-03-19 15:55:56.070 [http-nio-8080-exec-3] StrategySelectorImpl - Registering named strategy selector [org.hibernate.engine.transaction.jta.platform.spi.JtaPlatform] : [org.hibernate.service.jta.platform.internal.JBossStandAloneJtaPlatform] -> [org.hibernate.engine.transaction.jta.platform.internal.JBossStandAloneJtaPlatform]
[TRACE] 2021-03-19 15:55:56.072 [http-nio-8080-exec-3] StrategySelectorImpl - Registering named strategy selector [org.hibernate.engine.transaction.jta.platform.spi.JtaPlatform] : [JOnAS] -> [org.hibernate.engine.transaction.jta.platform.internal.JOnASJtaPlatform]
[TRACE] 2021-03-19 15:55:56.074 [http-nio-8080-exec-3] StrategySelectorImpl - Registering named strategy selector [org.hibernate.engine.transaction.jta.platform.spi.JtaPlatform] : [org.hibernate.service.jta.platform.internal.JOnASJtaPlatform] -> [org.hibernate.engine.transaction.jta.platform.internal.JOnASJtaPlatform]
[TRACE] 2021-03-19 15:55:56.077 [http-nio-8080-exec-3] StrategySelectorImpl - Registering named strategy selector [org.hibernate.engine.transaction.jta.platform.spi.JtaPlatform] : [JOTM] -> [org.hibernate.engine.transaction.jta.platform.internal.JOTMJtaPlatform]
[TRACE] 2021-03-19 15:55:56.078 [http-nio-8080-exec-3] StrategySelectorImpl - Registering named strategy selector [org.hibernate.engine.transaction.jta.platform.spi.JtaPlatform] : [org.hibernate.service.jta.platform.internal.JOTMJtaPlatform] -> [org.hibernate.engine.transaction.jta.platform.internal.JOTMJtaPlatform]
[TRACE] 2021-03-19 15:55:56.080 [http-nio-8080-exec-3] StrategySelectorImpl - Registering named strategy selector [org.hibernate.engine.transaction.jta.platform.spi.JtaPlatform] : [JRun4] -> [org.hibernate.engine.transaction.jta.platform.internal.JRun4JtaPlatform]
[TRACE] 2021-03-19 15:55:56.081 [http-nio-8080-exec-3] StrategySelectorImpl - Registering named strategy selector [org.hibernate.engine.transaction.jta.platform.spi.JtaPlatform] : [org.hibernate.service.jta.platform.internal.JRun4JtaPlatform] -> [org.hibernate.engine.transaction.jta.platform.internal.JRun4JtaPlatform]
[TRACE] 2021-03-19 15:55:56.082 [http-nio-8080-exec-3] StrategySelectorImpl - Registering named strategy selector [org.hibernate.engine.transaction.jta.platform.spi.JtaPlatform] : [OC4J] -> [org.hibernate.engine.transaction.jta.platform.internal.OC4JJtaPlatform]
[TRACE] 2021-03-19 15:55:56.082 [http-nio-8080-exec-3] StrategySelectorImpl - Registering named strategy selector [org.hibernate.engine.transaction.jta.platform.spi.JtaPlatform] : [org.hibernate.service.jta.platform.internal.OC4JJtaPlatform] -> [org.hibernate.engine.transaction.jta.platform.internal.OC4JJtaPlatform]
[TRACE] 2021-03-19 15:55:56.084 [http-nio-8080-exec-3] StrategySelectorImpl - Registering named strategy selector [org.hibernate.engine.transaction.jta.platform.spi.JtaPlatform] : [Orion] -> [org.hibernate.engine.transaction.jta.platform.internal.OrionJtaPlatform]
[TRACE] 2021-03-19 15:55:56.084 [http-nio-8080-exec-3] StrategySelectorImpl - Registering named strategy selector [org.hibernate.engine.transaction.jta.platform.spi.JtaPlatform] : [org.hibernate.service.jta.platform.internal.OrionJtaPlatform] -> [org.hibernate.engine.transaction.jta.platform.internal.OrionJtaPlatform]
[TRACE] 2021-03-19 15:55:56.085 [http-nio-8080-exec-3] StrategySelectorImpl - Registering named strategy selector [org.hibernate.engine.transaction.jta.platform.spi.JtaPlatform] : [Resin] -> [org.hibernate.engine.transaction.jta.platform.internal.ResinJtaPlatform]
[TRACE] 2021-03-19 15:55:56.085 [http-nio-8080-exec-3] StrategySelectorImpl - Registering named strategy selector [org.hibernate.engine.transaction.jta.platform.spi.JtaPlatform] : [org.hibernate.service.jta.platform.internal.ResinJtaPlatform] -> [org.hibernate.engine.transaction.jta.platform.internal.ResinJtaPlatform]
[TRACE] 2021-03-19 15:55:56.086 [http-nio-8080-exec-3] StrategySelectorImpl - Registering named strategy selector [org.hibernate.engine.transaction.jta.platform.spi.JtaPlatform] : [SapNetWeaver] -> [org.hibernate.engine.transaction.jta.platform.internal.SapNetWeaverJtaPlatform]
[TRACE] 2021-03-19 15:55:56.086 [http-nio-8080-exec-3] StrategySelectorImpl - Registering named strategy selector [org.hibernate.engine.transaction.jta.platform.spi.JtaPlatform] : [org.hibernate.service.jta.platform.internal.SapNetWeaverJtaPlatform] -> [org.hibernate.engine.transaction.jta.platform.internal.SapNetWeaverJtaPlatform]
[TRACE] 2021-03-19 15:55:56.087 [http-nio-8080-exec-3] StrategySelectorImpl - Registering named strategy selector [org.hibernate.engine.transaction.jta.platform.spi.JtaPlatform] : [SunOne] -> [org.hibernate.engine.transaction.jta.platform.internal.SunOneJtaPlatform]
[TRACE] 2021-03-19 15:55:56.087 [http-nio-8080-exec-3] StrategySelectorImpl - Registering named strategy selector [org.hibernate.engine.transaction.jta.platform.spi.JtaPlatform] : [org.hibernate.service.jta.platform.internal.SunOneJtaPlatform] -> [org.hibernate.engine.transaction.jta.platform.internal.SunOneJtaPlatform]
[TRACE] 2021-03-19 15:55:56.089 [http-nio-8080-exec-3] StrategySelectorImpl - Registering named strategy selector [org.hibernate.engine.transaction.jta.platform.spi.JtaPlatform] : [Weblogic] -> [org.hibernate.engine.transaction.jta.platform.internal.WeblogicJtaPlatform]
[TRACE] 2021-03-19 15:55:56.089 [http-nio-8080-exec-3] StrategySelectorImpl - Registering named strategy selector [org.hibernate.engine.transaction.jta.platform.spi.JtaPlatform] : [org.hibernate.service.jta.platform.internal.WeblogicJtaPlatform] -> [org.hibernate.engine.transaction.jta.platform.internal.WeblogicJtaPlatform]
[TRACE] 2021-03-19 15:55:56.090 [http-nio-8080-exec-3] StrategySelectorImpl - Registering named strategy selector [org.hibernate.engine.transaction.jta.platform.spi.JtaPlatform] : [WebSphereLiberty] -> [org.hibernate.engine.transaction.jta.platform.internal.WebSphereLibertyJtaPlatform]
[TRACE] 2021-03-19 15:55:56.092 [http-nio-8080-exec-3] StrategySelectorImpl - Registering named strategy selector [org.hibernate.engine.transaction.jta.platform.spi.JtaPlatform] : [org.hibernate.engine.transaction.jta.platform.internal.WebSphereLibertyJtaPlatform] -> [org.hibernate.engine.transaction.jta.platform.internal.WebSphereLibertyJtaPlatform]
[TRACE] 2021-03-19 15:55:56.094 [http-nio-8080-exec-3] StrategySelectorImpl - Registering named strategy selector [org.hibernate.engine.transaction.jta.platform.spi.JtaPlatform] : [WebSphere] -> [org.hibernate.engine.transaction.jta.platform.internal.WebSphereJtaPlatform]
[TRACE] 2021-03-19 15:55:56.094 [http-nio-8080-exec-3] StrategySelectorImpl - Registering named strategy selector [org.hibernate.engine.transaction.jta.platform.spi.JtaPlatform] : [org.hibernate.service.jta.platform.internal.WebSphereJtaPlatform] -> [org.hibernate.engine.transaction.jta.platform.internal.WebSphereJtaPlatform]
[TRACE] 2021-03-19 15:55:56.095 [http-nio-8080-exec-3] StrategySelectorImpl - Registering named strategy selector [org.hibernate.engine.transaction.jta.platform.spi.JtaPlatform] : [WebSphereExtended] -> [org.hibernate.engine.transaction.jta.platform.internal.WebSphereExtendedJtaPlatform]
[TRACE] 2021-03-19 15:55:56.095 [http-nio-8080-exec-3] StrategySelectorImpl - Registering named strategy selector [org.hibernate.engine.transaction.jta.platform.spi.JtaPlatform] : [org.hibernate.service.jta.platform.internal.WebSphereExtendedJtaPlatform] -> [org.hibernate.engine.transaction.jta.platform.internal.WebSphereExtendedJtaPlatform]
[TRACE] 2021-03-19 15:55:56.099 [http-nio-8080-exec-3] StrategySelectorImpl - Registering named strategy selector [org.hibernate.resource.transaction.spi.TransactionCoordinatorBuilder] : [jdbc] -> [org.hibernate.resource.transaction.backend.jdbc.internal.JdbcResourceLocalTransactionCoordinatorBuilderImpl]
[TRACE] 2021-03-19 15:55:56.102 [http-nio-8080-exec-3] StrategySelectorImpl - Registering named strategy selector [org.hibernate.resource.transaction.spi.TransactionCoordinatorBuilder] : [jta] -> [org.hibernate.resource.transaction.backend.jta.internal.JtaTransactionCoordinatorBuilderImpl]
[TRACE] 2021-03-19 15:55:56.103 [http-nio-8080-exec-3] StrategySelectorImpl - Registering named strategy selector [org.hibernate.resource.transaction.spi.TransactionCoordinatorBuilder] : [org.hibernate.transaction.JDBCTransactionFactory] -> [org.hibernate.resource.transaction.backend.jdbc.internal.JdbcResourceLocalTransactionCoordinatorBuilderImpl]
[TRACE] 2021-03-19 15:55:56.103 [http-nio-8080-exec-3] StrategySelectorImpl - Registering named strategy selector [org.hibernate.resource.transaction.spi.TransactionCoordinatorBuilder] : [org.hibernate.transaction.JTATransactionFactory] -> [org.hibernate.resource.transaction.backend.jta.internal.JtaTransactionCoordinatorBuilderImpl]
[TRACE] 2021-03-19 15:55:56.103 [http-nio-8080-exec-3] StrategySelectorImpl - Registering named strategy selector [org.hibernate.resource.transaction.spi.TransactionCoordinatorBuilder] : [org.hibernate.transaction.CMTTransactionFactory] -> [org.hibernate.resource.transaction.backend.jta.internal.JtaTransactionCoordinatorBuilderImpl]
[TRACE] 2021-03-19 15:55:56.107 [http-nio-8080-exec-3] StrategySelectorImpl - Registering named strategy selector [org.hibernate.hql.spi.id.MultiTableBulkIdStrategy] : [persistent] -> [org.hibernate.hql.spi.id.persistent.PersistentTableBulkIdStrategy]
[TRACE] 2021-03-19 15:55:56.110 [http-nio-8080-exec-3] StrategySelectorImpl - Registering named strategy selector [org.hibernate.hql.spi.id.MultiTableBulkIdStrategy] : [global_temporary] -> [org.hibernate.hql.spi.id.global.GlobalTemporaryTableBulkIdStrategy]
[TRACE] 2021-03-19 15:55:56.111 [http-nio-8080-exec-3] StrategySelectorImpl - Registering named strategy selector [org.hibernate.hql.spi.id.MultiTableBulkIdStrategy] : [local_temporary] -> [org.hibernate.hql.spi.id.local.LocalTemporaryTableBulkIdStrategy]
[TRACE] 2021-03-19 15:55:56.114 [http-nio-8080-exec-3] StrategySelectorImpl - Registering named strategy selector [org.hibernate.boot.model.naming.ImplicitNamingStrategy] : [default] -> [org.hibernate.boot.model.naming.ImplicitNamingStrategyJpaCompliantImpl]
[TRACE] 2021-03-19 15:55:56.114 [http-nio-8080-exec-3] StrategySelectorImpl - Registering named strategy selector [org.hibernate.boot.model.naming.ImplicitNamingStrategy] : [jpa] -> [org.hibernate.boot.model.naming.ImplicitNamingStrategyJpaCompliantImpl]
[TRACE] 2021-03-19 15:55:56.116 [http-nio-8080-exec-3] StrategySelectorImpl - Registering named strategy selector [org.hibernate.boot.model.naming.ImplicitNamingStrategy] : [legacy-jpa] -> [org.hibernate.boot.model.naming.ImplicitNamingStrategyLegacyJpaImpl]
[TRACE] 2021-03-19 15:55:56.117 [http-nio-8080-exec-3] StrategySelectorImpl - Registering named strategy selector [org.hibernate.boot.model.naming.ImplicitNamingStrategy] : [legacy-hbm] -> [org.hibernate.boot.model.naming.ImplicitNamingStrategyLegacyHbmImpl]
[TRACE] 2021-03-19 15:55:56.119 [http-nio-8080-exec-3] StrategySelectorImpl - Registering named strategy selector [org.hibernate.boot.model.naming.ImplicitNamingStrategy] : [component-path] -> [org.hibernate.boot.model.naming.ImplicitNamingStrategyComponentPathImpl]
[TRACE] 2021-03-19 15:55:56.121 [http-nio-8080-exec-3] StrategySelectorImpl - Registering named strategy selector [org.hibernate.cache.spi.CacheKeysFactory] : [default] -> [org.hibernate.cache.internal.DefaultCacheKeysFactory]
[TRACE] 2021-03-19 15:55:56.122 [http-nio-8080-exec-3] StrategySelectorImpl - Registering named strategy selector [org.hibernate.cache.spi.CacheKeysFactory] : [simple] -> [org.hibernate.cache.internal.SimpleCacheKeysFactory]
[TRACE] 2021-03-19 15:55:56.136 [http-nio-8080-exec-3] StrategySelectorImpl - Registering named strategy selector [org.hibernate.engine.jdbc.connections.spi.ConnectionProvider] : [c3p0] -> [org.hibernate.c3p0.internal.C3P0ConnectionProvider]
[TRACE] 2021-03-19 15:55:56.136 [http-nio-8080-exec-3] StrategySelectorImpl - Registering named strategy selector [org.hibernate.engine.jdbc.connections.spi.ConnectionProvider] : [C3P0ConnectionProvider] -> [org.hibernate.c3p0.internal.C3P0ConnectionProvider]
[TRACE] 2021-03-19 15:55:56.136 [http-nio-8080-exec-3] StrategySelectorImpl - Registering named strategy selector [org.hibernate.engine.jdbc.connections.spi.ConnectionProvider] : [org.hibernate.connection.C3P0ConnectionProvider] -> [org.hibernate.c3p0.internal.C3P0ConnectionProvider]
[TRACE] 2021-03-19 15:55:56.137 [http-nio-8080-exec-3] StrategySelectorImpl - Registering named strategy selector [org.hibernate.engine.jdbc.connections.spi.ConnectionProvider] : [org.hibernate.service.jdbc.connections.internal.C3P0ConnectionProvider] -> [org.hibernate.c3p0.internal.C3P0ConnectionProvider]
[INFO ] 2021-03-19 15:55:56.234 [http-nio-8080-exec-3] Version - HHH000412: Hibernate Core {5.4.4.Final}
[DEBUG] 2021-03-19 15:55:56.239 [http-nio-8080-exec-3] Environment - HHH000206: hibernate.properties not found
[TRACE] 2021-03-19 15:55:56.672 [http-nio-8080-exec-3] ClassLoaderServiceImpl - trying via [new URL("hibernate.cfg.xml")]
[TRACE] 2021-03-19 15:55:56.673 [http-nio-8080-exec-3] ClassLoaderServiceImpl - trying via [ClassLoader.getResourceAsStream("hibernate.cfg.xml")]
[TRACE] 2021-03-19 15:55:56.711 [http-nio-8080-exec-3] LocalXmlResourceResolver - In resolveEntity(-//Hibernate/Hibernate Configuration DTD//EN, http://www.hibernate.org/dtd/hibernate-configuration-3.0.dtd, file:/Users/Tony/Documents/Enterprise Java/tomcat/bin/, null)
[DEBUG] 2021-03-19 15:55:56.711 [http-nio-8080-exec-3] LocalXmlResourceResolver - Interpreting public/system identifier : [-//Hibernate/Hibernate Configuration DTD//EN] - [http://www.hibernate.org/dtd/hibernate-configuration-3.0.dtd]
[DEBUG] 2021-03-19 15:55:56.711 [http-nio-8080-exec-3] LocalXmlResourceResolver - Recognized hibernate-configuration identifier; attempting to resolve on classpath under org/hibernate/
[DEBUG] 2021-03-19 15:55:56.778 [http-nio-8080-exec-3] JaxbCfgProcessor - cfg.xml document did not define namespaces; wrapping in custom event reader to introduce namespace information
[DEBUG] 2021-03-19 15:55:57.650 [http-nio-8080-exec-3] ServiceBinding - Overriding existing service binding [org.hibernate.secure.spi.JaccService]
[TRACE] 2021-03-19 15:55:57.700 [http-nio-8080-exec-3] AbstractServiceRegistryImpl - Initializing service [role=org.hibernate.engine.config.spi.ConfigurationService]
[TRACE] 2021-03-19 15:55:57.726 [http-nio-8080-exec-3] AbstractServiceRegistryImpl - Initializing service [role=org.hibernate.cache.spi.RegionFactory]
[DEBUG] 2021-03-19 15:55:57.728 [http-nio-8080-exec-3] RegionFactoryInitiator - Cannot default RegionFactory based on registered strategies as `[]` RegionFactory strategies were registered
[DEBUG] 2021-03-19 15:55:57.734 [http-nio-8080-exec-3] RegionFactoryInitiator - Cache region factory : org.hibernate.cache.internal.NoCachingRegionFactory
[INFO ] 2021-03-19 15:55:57.857 [http-nio-8080-exec-3] Version - HCANN000001: Hibernate Commons Annotations {5.1.0.Final}
[DEBUG] 2021-03-19 15:55:58.105 [http-nio-8080-exec-3] BasicTypeRegistry - Adding type registration boolean -> org.hibernate.type.BooleanType@52625ea8
[DEBUG] 2021-03-19 15:55:58.106 [http-nio-8080-exec-3] BasicTypeRegistry - Adding type registration boolean -> org.hibernate.type.BooleanType@52625ea8
[DEBUG] 2021-03-19 15:55:58.106 [http-nio-8080-exec-3] BasicTypeRegistry - Adding type registration java.lang.Boolean -> org.hibernate.type.BooleanType@52625ea8
[DEBUG] 2021-03-19 15:55:58.109 [http-nio-8080-exec-3] BasicTypeRegistry - Adding type registration numeric_boolean -> org.hibernate.type.NumericBooleanType@3c18f7e8
[DEBUG] 2021-03-19 15:55:58.115 [http-nio-8080-exec-3] BasicTypeRegistry - Adding type registration true_false -> org.hibernate.type.TrueFalseType@ddbc780
[DEBUG] 2021-03-19 15:55:58.118 [http-nio-8080-exec-3] BasicTypeRegistry - Adding type registration yes_no -> org.hibernate.type.YesNoType@2e0ef537
[DEBUG] 2021-03-19 15:55:58.126 [http-nio-8080-exec-3] BasicTypeRegistry - Adding type registration byte -> org.hibernate.type.ByteType@1efa08d8
[DEBUG] 2021-03-19 15:55:58.127 [http-nio-8080-exec-3] BasicTypeRegistry - Adding type registration byte -> org.hibernate.type.ByteType@1efa08d8
[DEBUG] 2021-03-19 15:55:58.128 [http-nio-8080-exec-3] BasicTypeRegistry - Adding type registration java.lang.Byte -> org.hibernate.type.ByteType@1efa08d8
[DEBUG] 2021-03-19 15:55:58.132 [http-nio-8080-exec-3] BasicTypeRegistry - Adding type registration character -> org.hibernate.type.CharacterType@44904a3
[DEBUG] 2021-03-19 15:55:58.132 [http-nio-8080-exec-3] BasicTypeRegistry - Adding type registration char -> org.hibernate.type.CharacterType@44904a3
[DEBUG] 2021-03-19 15:55:58.132 [http-nio-8080-exec-3] BasicTypeRegistry - Adding type registration java.lang.Character -> org.hibernate.type.CharacterType@44904a3
[DEBUG] 2021-03-19 15:55:58.135 [http-nio-8080-exec-3] BasicTypeRegistry - Adding type registration short -> org.hibernate.type.ShortType@4f9f54ac
[DEBUG] 2021-03-19 15:55:58.136 [http-nio-8080-exec-3] BasicTypeRegistry - Adding type registration short -> org.hibernate.type.ShortType@4f9f54ac
[DEBUG] 2021-03-19 15:55:58.136 [http-nio-8080-exec-3] BasicTypeRegistry - Adding type registration java.lang.Short -> org.hibernate.type.ShortType@4f9f54ac
[DEBUG] 2021-03-19 15:55:58.139 [http-nio-8080-exec-3] BasicTypeRegistry - Adding type registration integer -> org.hibernate.type.IntegerType@6961b22d
[DEBUG] 2021-03-19 15:55:58.139 [http-nio-8080-exec-3] BasicTypeRegistry - Adding type registration int -> org.hibernate.type.IntegerType@6961b22d
[DEBUG] 2021-03-19 15:55:58.139 [http-nio-8080-exec-3] BasicTypeRegistry - Adding type registration java.lang.Integer -> org.hibernate.type.IntegerType@6961b22d
[DEBUG] 2021-03-19 15:55:58.143 [http-nio-8080-exec-3] BasicTypeRegistry - Adding type registration long -> org.hibernate.type.LongType@696038ac
[DEBUG] 2021-03-19 15:55:58.143 [http-nio-8080-exec-3] BasicTypeRegistry - Adding type registration long -> org.hibernate.type.LongType@696038ac
[DEBUG] 2021-03-19 15:55:58.146 [http-nio-8080-exec-3] BasicTypeRegistry - Adding type registration java.lang.Long -> org.hibernate.type.LongType@696038ac
[DEBUG] 2021-03-19 15:55:58.151 [http-nio-8080-exec-3] BasicTypeRegistry - Adding type registration float -> org.hibernate.type.FloatType@2fd4b08b
[DEBUG] 2021-03-19 15:55:58.152 [http-nio-8080-exec-3] BasicTypeRegistry - Adding type registration float -> org.hibernate.type.FloatType@2fd4b08b
[DEBUG] 2021-03-19 15:55:58.152 [http-nio-8080-exec-3] BasicTypeRegistry - Adding type registration java.lang.Float -> org.hibernate.type.FloatType@2fd4b08b
[DEBUG] 2021-03-19 15:55:58.155 [http-nio-8080-exec-3] BasicTypeRegistry - Adding type registration double -> org.hibernate.type.DoubleType@66fc971e
[DEBUG] 2021-03-19 15:55:58.155 [http-nio-8080-exec-3] BasicTypeRegistry - Adding type registration double -> org.hibernate.type.DoubleType@66fc971e
[DEBUG] 2021-03-19 15:55:58.155 [http-nio-8080-exec-3] BasicTypeRegistry - Adding type registration java.lang.Double -> org.hibernate.type.DoubleType@66fc971e
[DEBUG] 2021-03-19 15:55:58.157 [http-nio-8080-exec-3] BasicTypeRegistry - Adding type registration big_decimal -> org.hibernate.type.BigDecimalType@163dcbbd
[DEBUG] 2021-03-19 15:55:58.157 [http-nio-8080-exec-3] BasicTypeRegistry - Adding type registration java.math.BigDecimal -> org.hibernate.type.BigDecimalType@163dcbbd
[DEBUG] 2021-03-19 15:55:58.164 [http-nio-8080-exec-3] BasicTypeRegistry - Adding type registration big_integer -> org.hibernate.type.BigIntegerType@561a0a7c
[DEBUG] 2021-03-19 15:55:58.164 [http-nio-8080-exec-3] BasicTypeRegistry - Adding type registration java.math.BigInteger -> org.hibernate.type.BigIntegerType@561a0a7c
[DEBUG] 2021-03-19 15:55:58.166 [http-nio-8080-exec-3] BasicTypeRegistry - Adding type registration string -> org.hibernate.type.StringType@6b8eaa66
[DEBUG] 2021-03-19 15:55:58.166 [http-nio-8080-exec-3] BasicTypeRegistry - Adding type registration java.lang.String -> org.hibernate.type.StringType@6b8eaa66
[DEBUG] 2021-03-19 15:55:58.167 [http-nio-8080-exec-3] BasicTypeRegistry - Adding type registration nstring -> org.hibernate.type.StringNVarcharType@60c9f57e
[DEBUG] 2021-03-19 15:55:58.169 [http-nio-8080-exec-3] BasicTypeRegistry - Adding type registration ncharacter -> org.hibernate.type.CharacterNCharType@41c725e7
[DEBUG] 2021-03-19 15:55:58.172 [http-nio-8080-exec-3] BasicTypeRegistry - Adding type registration url -> org.hibernate.type.UrlType@1a28373e
[DEBUG] 2021-03-19 15:55:58.172 [http-nio-8080-exec-3] BasicTypeRegistry - Adding type registration java.net.URL -> org.hibernate.type.UrlType@1a28373e
[DEBUG] 2021-03-19 15:55:58.176 [http-nio-8080-exec-3] BasicTypeRegistry - Adding type registration Duration -> org.hibernate.type.DurationType@619ace5c
[DEBUG] 2021-03-19 15:55:58.176 [http-nio-8080-exec-3] BasicTypeRegistry - Adding type registration java.time.Duration -> org.hibernate.type.DurationType@619ace5c
[DEBUG] 2021-03-19 15:55:58.182 [http-nio-8080-exec-3] BasicTypeRegistry - Adding type registration Instant -> org.hibernate.type.InstantType@bdb2ac
[DEBUG] 2021-03-19 15:55:58.182 [http-nio-8080-exec-3] BasicTypeRegistry - Adding type registration java.time.Instant -> org.hibernate.type.InstantType@bdb2ac
[DEBUG] 2021-03-19 15:55:58.185 [http-nio-8080-exec-3] BasicTypeRegistry - Adding type registration LocalDateTime -> org.hibernate.type.LocalDateTimeType@50a43991
[DEBUG] 2021-03-19 15:55:58.185 [http-nio-8080-exec-3] BasicTypeRegistry - Adding type registration java.time.LocalDateTime -> org.hibernate.type.LocalDateTimeType@50a43991
[DEBUG] 2021-03-19 15:55:58.187 [http-nio-8080-exec-3] BasicTypeRegistry - Adding type registration LocalDate -> org.hibernate.type.LocalDateType@653c4a61
[DEBUG] 2021-03-19 15:55:58.187 [http-nio-8080-exec-3] BasicTypeRegistry - Adding type registration java.time.LocalDate -> org.hibernate.type.LocalDateType@653c4a61
[DEBUG] 2021-03-19 15:55:58.189 [http-nio-8080-exec-3] BasicTypeRegistry - Adding type registration LocalTime -> org.hibernate.type.LocalTimeType@53f19090
[DEBUG] 2021-03-19 15:55:58.189 [http-nio-8080-exec-3] BasicTypeRegistry - Adding type registration java.time.LocalTime -> org.hibernate.type.LocalTimeType@53f19090
[DEBUG] 2021-03-19 15:55:58.194 [http-nio-8080-exec-3] BasicTypeRegistry - Adding type registration OffsetDateTime -> org.hibernate.type.OffsetDateTimeType@692ac030
[DEBUG] 2021-03-19 15:55:58.196 [http-nio-8080-exec-3] BasicTypeRegistry - Adding type registration java.time.OffsetDateTime -> org.hibernate.type.OffsetDateTimeType@692ac030
[DEBUG] 2021-03-19 15:55:58.199 [http-nio-8080-exec-3] BasicTypeRegistry - Adding type registration OffsetTime -> org.hibernate.type.OffsetTimeType@7c9ec6a6
[DEBUG] 2021-03-19 15:55:58.200 [http-nio-8080-exec-3] BasicTypeRegistry - Adding type registration java.time.OffsetTime -> org.hibernate.type.OffsetTimeType@7c9ec6a6
[DEBUG] 2021-03-19 15:55:58.204 [http-nio-8080-exec-3] BasicTypeRegistry - Adding type registration ZonedDateTime -> org.hibernate.type.ZonedDateTimeType@44b41713
[DEBUG] 2021-03-19 15:55:58.204 [http-nio-8080-exec-3] BasicTypeRegistry - Adding type registration java.time.ZonedDateTime -> org.hibernate.type.ZonedDateTimeType@44b41713
[DEBUG] 2021-03-19 15:55:58.207 [http-nio-8080-exec-3] BasicTypeRegistry - Adding type registration date -> org.hibernate.type.DateType@52690eee
[DEBUG] 2021-03-19 15:55:58.207 [http-nio-8080-exec-3] BasicTypeRegistry - Adding type registration java.sql.Date -> org.hibernate.type.DateType@52690eee
[DEBUG] 2021-03-19 15:55:58.212 [http-nio-8080-exec-3] BasicTypeRegistry - Adding type registration time -> org.hibernate.type.TimeType@7c72bdc2
[DEBUG] 2021-03-19 15:55:58.212 [http-nio-8080-exec-3] BasicTypeRegistry - Adding type registration java.sql.Time -> org.hibernate.type.TimeType@7c72bdc2
[DEBUG] 2021-03-19 15:55:58.216 [http-nio-8080-exec-3] BasicTypeRegistry - Adding type registration timestamp -> org.hibernate.type.TimestampType@5e57cfb9
[DEBUG] 2021-03-19 15:55:58.216 [http-nio-8080-exec-3] BasicTypeRegistry - Adding type registration java.sql.Timestamp -> org.hibernate.type.TimestampType@5e57cfb9
[DEBUG] 2021-03-19 15:55:58.217 [http-nio-8080-exec-3] BasicTypeRegistry - Adding type registration java.util.Date -> org.hibernate.type.TimestampType@5e57cfb9
[DEBUG] 2021-03-19 15:55:58.221 [http-nio-8080-exec-3] BasicTypeRegistry - Adding type registration dbtimestamp -> org.hibernate.type.DbTimestampType@36b1d1f2
[DEBUG] 2021-03-19 15:55:58.223 [http-nio-8080-exec-3] BasicTypeRegistry - Adding type registration calendar -> org.hibernate.type.CalendarType@23183373
[DEBUG] 2021-03-19 15:55:58.223 [http-nio-8080-exec-3] BasicTypeRegistry - Adding type registration java.util.Calendar -> org.hibernate.type.CalendarType@23183373
[DEBUG] 2021-03-19 15:55:58.223 [http-nio-8080-exec-3] BasicTypeRegistry - Adding type registration java.util.GregorianCalendar -> org.hibernate.type.CalendarType@23183373
[DEBUG] 2021-03-19 15:55:58.224 [http-nio-8080-exec-3] BasicTypeRegistry - Adding type registration calendar_date -> org.hibernate.type.CalendarDateType@1c0aa59
[DEBUG] 2021-03-19 15:55:58.229 [http-nio-8080-exec-3] BasicTypeRegistry - Adding type registration locale -> org.hibernate.type.LocaleType@197ada21
[DEBUG] 2021-03-19 15:55:58.229 [http-nio-8080-exec-3] BasicTypeRegistry - Adding type registration java.util.Locale -> org.hibernate.type.LocaleType@197ada21
[DEBUG] 2021-03-19 15:55:58.234 [http-nio-8080-exec-3] BasicTypeRegistry - Adding type registration currency -> org.hibernate.type.CurrencyType@6e855dac
[DEBUG] 2021-03-19 15:55:58.235 [http-nio-8080-exec-3] BasicTypeRegistry - Adding type registration java.util.Currency -> org.hibernate.type.CurrencyType@6e855dac
[DEBUG] 2021-03-19 15:55:58.240 [http-nio-8080-exec-3] BasicTypeRegistry - Adding type registration timezone -> org.hibernate.type.TimeZoneType@7f869f2c
[DEBUG] 2021-03-19 15:55:58.240 [http-nio-8080-exec-3] BasicTypeRegistry - Adding type registration java.util.TimeZone -> org.hibernate.type.TimeZoneType@7f869f2c
[DEBUG] 2021-03-19 15:55:58.244 [http-nio-8080-exec-3] BasicTypeRegistry - Adding type registration class -> org.hibernate.type.ClassType@3485a246
[DEBUG] 2021-03-19 15:55:58.244 [http-nio-8080-exec-3] BasicTypeRegistry - Adding type registration java.lang.Class -> org.hibernate.type.ClassType@3485a246
[DEBUG] 2021-03-19 15:55:58.248 [http-nio-8080-exec-3] BasicTypeRegistry - Adding type registration uuid-binary -> org.hibernate.type.UUIDBinaryType@b487a8f
[DEBUG] 2021-03-19 15:55:58.248 [http-nio-8080-exec-3] BasicTypeRegistry - Adding type registration java.util.UUID -> org.hibernate.type.UUIDBinaryType@b487a8f
[DEBUG] 2021-03-19 15:55:58.249 [http-nio-8080-exec-3] BasicTypeRegistry - Adding type registration uuid-char -> org.hibernate.type.UUIDCharType@7d8aeec6
[DEBUG] 2021-03-19 15:55:58.255 [http-nio-8080-exec-3] BasicTypeRegistry - Adding type registration binary -> org.hibernate.type.BinaryType@6813aa8a
[DEBUG] 2021-03-19 15:55:58.255 [http-nio-8080-exec-3] BasicTypeRegistry - Adding type registration byte[] -> org.hibernate.type.BinaryType@6813aa8a
[DEBUG] 2021-03-19 15:55:58.255 [http-nio-8080-exec-3] BasicTypeRegistry - Adding type registration [B -> org.hibernate.type.BinaryType@6813aa8a
[DEBUG] 2021-03-19 15:55:58.258 [http-nio-8080-exec-3] BasicTypeRegistry - Adding type registration wrapper-binary -> org.hibernate.type.WrapperBinaryType@2a9f1429
[DEBUG] 2021-03-19 15:55:58.258 [http-nio-8080-exec-3] BasicTypeRegistry - Adding type registration Byte[] -> org.hibernate.type.WrapperBinaryType@2a9f1429
[DEBUG] 2021-03-19 15:55:58.258 [http-nio-8080-exec-3] BasicTypeRegistry - Adding type registration [Ljava.lang.Byte; -> org.hibernate.type.WrapperBinaryType@2a9f1429
[DEBUG] 2021-03-19 15:55:58.263 [http-nio-8080-exec-3] BasicTypeRegistry - Adding type registration row_version -> org.hibernate.type.RowVersionType@43f2df2c
[DEBUG] 2021-03-19 15:55:58.266 [http-nio-8080-exec-3] BasicTypeRegistry - Adding type registration image -> org.hibernate.type.ImageType@ecc3907
[DEBUG] 2021-03-19 15:55:58.269 [http-nio-8080-exec-3] BasicTypeRegistry - Adding type registration characters -> org.hibernate.type.CharArrayType@70a398d4
[DEBUG] 2021-03-19 15:55:58.271 [http-nio-8080-exec-3] BasicTypeRegistry - Adding type registration char[] -> org.hibernate.type.CharArrayType@70a398d4
[DEBUG] 2021-03-19 15:55:58.271 [http-nio-8080-exec-3] BasicTypeRegistry - Adding type registration [C -> org.hibernate.type.CharArrayType@70a398d4
[DEBUG] 2021-03-19 15:55:58.275 [http-nio-8080-exec-3] BasicTypeRegistry - Adding type registration wrapper-characters -> org.hibernate.type.CharacterArrayType@60188668
[DEBUG] 2021-03-19 15:55:58.275 [http-nio-8080-exec-3] BasicTypeRegistry - Adding type registration [Ljava.lang.Character; -> org.hibernate.type.CharacterArrayType@60188668
[DEBUG] 2021-03-19 15:55:58.275 [http-nio-8080-exec-3] BasicTypeRegistry - Adding type registration Character[] -> org.hibernate.type.CharacterArrayType@60188668
[DEBUG] 2021-03-19 15:55:58.278 [http-nio-8080-exec-3] BasicTypeRegistry - Adding type registration text -> org.hibernate.type.TextType@946b63b
[DEBUG] 2021-03-19 15:55:58.279 [http-nio-8080-exec-3] BasicTypeRegistry - Adding type registration ntext -> org.hibernate.type.NTextType@182207e4
[DEBUG] 2021-03-19 15:55:58.285 [http-nio-8080-exec-3] BasicTypeRegistry - Adding type registration blob -> org.hibernate.type.BlobType@2b3abca2
[DEBUG] 2021-03-19 15:55:58.285 [http-nio-8080-exec-3] BasicTypeRegistry - Adding type registration java.sql.Blob -> org.hibernate.type.BlobType@2b3abca2
[DEBUG] 2021-03-19 15:55:58.288 [http-nio-8080-exec-3] BasicTypeRegistry - Adding type registration materialized_blob -> org.hibernate.type.MaterializedBlobType@9d01dab
[DEBUG] 2021-03-19 15:55:58.290 [http-nio-8080-exec-3] BasicTypeRegistry - Adding type registration clob -> org.hibernate.type.ClobType@48663b00
[DEBUG] 2021-03-19 15:55:58.290 [http-nio-8080-exec-3] BasicTypeRegistry - Adding type registration java.sql.Clob -> org.hibernate.type.ClobType@48663b00
[DEBUG] 2021-03-19 15:55:58.296 [http-nio-8080-exec-3] BasicTypeRegistry - Adding type registration nclob -> org.hibernate.type.NClobType@6addeadc
[DEBUG] 2021-03-19 15:55:58.296 [http-nio-8080-exec-3] BasicTypeRegistry - Adding type registration java.sql.NClob -> org.hibernate.type.NClobType@6addeadc
[DEBUG] 2021-03-19 15:55:58.298 [http-nio-8080-exec-3] BasicTypeRegistry - Adding type registration materialized_clob -> org.hibernate.type.MaterializedClobType@71a425ad
[DEBUG] 2021-03-19 15:55:58.300 [http-nio-8080-exec-3] BasicTypeRegistry - Adding type registration materialized_nclob -> org.hibernate.type.MaterializedNClobType@6cf79387
[DEBUG] 2021-03-19 15:55:58.306 [http-nio-8080-exec-3] BasicTypeRegistry - Adding type registration serializable -> org.hibernate.type.SerializableType@6740a96c
[DEBUG] 2021-03-19 15:55:58.318 [http-nio-8080-exec-3] BasicTypeRegistry - Adding type registration object -> org.hibernate.type.ObjectType@7a6f79dc
[DEBUG] 2021-03-19 15:55:58.318 [http-nio-8080-exec-3] BasicTypeRegistry - Adding type registration java.lang.Object -> org.hibernate.type.ObjectType@7a6f79dc
[DEBUG] 2021-03-19 15:55:58.320 [http-nio-8080-exec-3] BasicTypeRegistry - Adding type registration imm_date -> org.hibernate.type.AdaptedImmutableType@7a55318c
[DEBUG] 2021-03-19 15:55:58.320 [http-nio-8080-exec-3] BasicTypeRegistry - Adding type registration imm_time -> org.hibernate.type.AdaptedImmutableType@66836d36
[DEBUG] 2021-03-19 15:55:58.320 [http-nio-8080-exec-3] BasicTypeRegistry - Adding type registration imm_timestamp -> org.hibernate.type.AdaptedImmutableType@6a4f373
[DEBUG] 2021-03-19 15:55:58.320 [http-nio-8080-exec-3] BasicTypeRegistry - Adding type registration imm_dbtimestamp -> org.hibernate.type.AdaptedImmutableType@55b71dbe
[DEBUG] 2021-03-19 15:55:58.320 [http-nio-8080-exec-3] BasicTypeRegistry - Adding type registration imm_calendar -> org.hibernate.type.AdaptedImmutableType@63d9fd5
[DEBUG] 2021-03-19 15:55:58.320 [http-nio-8080-exec-3] BasicTypeRegistry - Adding type registration imm_calendar_date -> org.hibernate.type.AdaptedImmutableType@7baaa8f9
[DEBUG] 2021-03-19 15:55:58.320 [http-nio-8080-exec-3] BasicTypeRegistry - Adding type registration imm_binary -> org.hibernate.type.AdaptedImmutableType@5ab4f394
[DEBUG] 2021-03-19 15:55:58.320 [http-nio-8080-exec-3] BasicTypeRegistry - Adding type registration imm_serializable -> org.hibernate.type.AdaptedImmutableType@37034f91
[TRACE] 2021-03-19 15:55:58.353 [http-nio-8080-exec-3] AbstractServiceRegistryImpl - Initializing service [role=org.hibernate.boot.cfgxml.spi.CfgXmlAccessService]
[TRACE] 2021-03-19 15:55:58.417 [http-nio-8080-exec-3] AbstractServiceRegistryImpl - Initializing service [role=org.hibernate.id.factory.spi.MutableIdentifierGeneratorFactory]
[DEBUG] 2021-03-19 15:55:58.423 [http-nio-8080-exec-3] DefaultIdentifierGeneratorFactory - Registering IdentifierGenerator strategy [uuid2] -> [org.hibernate.id.UUIDGenerator]
[DEBUG] 2021-03-19 15:55:58.424 [http-nio-8080-exec-3] DefaultIdentifierGeneratorFactory - Registering IdentifierGenerator strategy [guid] -> [org.hibernate.id.GUIDGenerator]
[DEBUG] 2021-03-19 15:55:58.428 [http-nio-8080-exec-3] DefaultIdentifierGeneratorFactory - Registering IdentifierGenerator strategy [uuid] -> [org.hibernate.id.UUIDHexGenerator]
[DEBUG] 2021-03-19 15:55:58.428 [http-nio-8080-exec-3] DefaultIdentifierGeneratorFactory - Registering IdentifierGenerator strategy [uuid.hex] -> [org.hibernate.id.UUIDHexGenerator]
[DEBUG] 2021-03-19 15:55:58.429 [http-nio-8080-exec-3] DefaultIdentifierGeneratorFactory - Registering IdentifierGenerator strategy [assigned] -> [org.hibernate.id.Assigned]
[DEBUG] 2021-03-19 15:55:58.432 [http-nio-8080-exec-3] DefaultIdentifierGeneratorFactory - Registering IdentifierGenerator strategy [identity] -> [org.hibernate.id.IdentityGenerator]
[DEBUG] 2021-03-19 15:55:58.433 [http-nio-8080-exec-3] DefaultIdentifierGeneratorFactory - Registering IdentifierGenerator strategy [select] -> [org.hibernate.id.SelectGenerator]
[DEBUG] 2021-03-19 15:55:58.436 [http-nio-8080-exec-3] DefaultIdentifierGeneratorFactory - Registering IdentifierGenerator strategy [sequence] -> [org.hibernate.id.enhanced.SequenceStyleGenerator]
[DEBUG] 2021-03-19 15:55:58.438 [http-nio-8080-exec-3] DefaultIdentifierGeneratorFactory - Registering IdentifierGenerator strategy [seqhilo] -> [org.hibernate.id.SequenceHiLoGenerator]
[DEBUG] 2021-03-19 15:55:58.439 [http-nio-8080-exec-3] DefaultIdentifierGeneratorFactory - Registering IdentifierGenerator strategy [increment] -> [org.hibernate.id.IncrementGenerator]
[DEBUG] 2021-03-19 15:55:58.440 [http-nio-8080-exec-3] DefaultIdentifierGeneratorFactory - Registering IdentifierGenerator strategy [foreign] -> [org.hibernate.id.ForeignGenerator]
[DEBUG] 2021-03-19 15:55:58.441 [http-nio-8080-exec-3] DefaultIdentifierGeneratorFactory - Registering IdentifierGenerator strategy [sequence-identity] -> [org.hibernate.id.SequenceIdentityGenerator]
[DEBUG] 2021-03-19 15:55:58.441 [http-nio-8080-exec-3] DefaultIdentifierGeneratorFactory - Registering IdentifierGenerator strategy [enhanced-sequence] -> [org.hibernate.id.enhanced.SequenceStyleGenerator]
[DEBUG] 2021-03-19 15:55:58.446 [http-nio-8080-exec-3] DefaultIdentifierGeneratorFactory - Registering IdentifierGenerator strategy [enhanced-table] -> [org.hibernate.id.enhanced.TableGenerator]
[TRACE] 2021-03-19 15:55:58.446 [http-nio-8080-exec-3] AbstractServiceRegistryImpl - Initializing service [role=org.hibernate.engine.jdbc.env.spi.JdbcEnvironment]
[TRACE] 2021-03-19 15:55:58.446 [http-nio-8080-exec-3] AbstractServiceRegistryImpl - Initializing service [role=org.hibernate.engine.jdbc.dialect.spi.DialectFactory]
[TRACE] 2021-03-19 15:55:58.448 [http-nio-8080-exec-3] AbstractServiceRegistryImpl - Initializing service [role=org.hibernate.engine.jdbc.dialect.spi.DialectResolver]
[TRACE] 2021-03-19 15:55:58.457 [http-nio-8080-exec-3] AbstractServiceRegistryImpl - Initializing service [role=org.hibernate.engine.jdbc.connections.spi.ConnectionProvider]
[INFO ] 2021-03-19 15:55:58.469 [http-nio-8080-exec-3] C3P0ConnectionProvider - HHH010002: C3P0 using driver: com.mysql.cj.jdbc.Driver at URL: jdbc:mysql://localhost:3306/sample
[INFO ] 2021-03-19 15:55:58.469 [http-nio-8080-exec-3] C3P0ConnectionProvider - HHH10001001: Connection properties: {password=****, user=arice}
[INFO ] 2021-03-19 15:55:58.470 [http-nio-8080-exec-3] C3P0ConnectionProvider - HHH10001003: Autocommit mode: false
[INFO ] 2021-03-19 15:55:58.840 [http-nio-8080-exec-3] C3P0ConnectionProvider - HHH10001007: JDBC isolation level: <unknown>
[WARN ] 2021-03-19 15:56:30.552 [http-nio-8080-exec-3] JdbcEnvironmentInitiator - HHH000342: Could not obtain connection to query metadata : Connections could not be acquired from the underlying database!
