[DEBUG] 2021-03-27 09:24:20.665 [main] IntegratorServiceImpl - Adding Integrator [org.hibernate.cfg.beanvalidation.BeanValidationIntegrator].
[DEBUG] 2021-03-27 09:24:20.668 [main] IntegratorServiceImpl - Adding Integrator [org.hibernate.secure.spi.JaccIntegrator].
[DEBUG] 2021-03-27 09:24:20.674 [main] IntegratorServiceImpl - Adding Integrator [org.hibernate.cache.internal.CollectionCacheInvalidator].
[TRACE] 2021-03-27 09:24:20.685 [main] StrategySelectorImpl - Registering named strategy selector [org.hibernate.dialect.Dialect] : [Cache71] -> [org.hibernate.dialect.Cache71Dialect]
[TRACE] 2021-03-27 09:24:20.687 [main] StrategySelectorImpl - Registering named strategy selector [org.hibernate.dialect.Dialect] : [CUBRID] -> [org.hibernate.dialect.CUBRIDDialect]
[TRACE] 2021-03-27 09:24:20.688 [main] StrategySelectorImpl - Registering named strategy selector [org.hibernate.dialect.Dialect] : [DB2] -> [org.hibernate.dialect.DB2Dialect]
[TRACE] 2021-03-27 09:24:20.688 [main] StrategySelectorImpl - Registering named strategy selector [org.hibernate.dialect.Dialect] : [DB2390] -> [org.hibernate.dialect.DB2390Dialect]
[TRACE] 2021-03-27 09:24:20.689 [main] StrategySelectorImpl - Registering named strategy selector [org.hibernate.dialect.Dialect] : [DB2390V8] -> [org.hibernate.dialect.DB2390V8Dialect]
[TRACE] 2021-03-27 09:24:20.689 [main] StrategySelectorImpl - Registering named strategy selector [org.hibernate.dialect.Dialect] : [DB2400] -> [org.hibernate.dialect.DB2400Dialect]
[TRACE] 2021-03-27 09:24:20.691 [main] StrategySelectorImpl - Registering named strategy selector [org.hibernate.dialect.Dialect] : [DerbyTenFive] -> [org.hibernate.dialect.DerbyTenFiveDialect]
[TRACE] 2021-03-27 09:24:20.692 [main] StrategySelectorImpl - Registering named strategy selector [org.hibernate.dialect.Dialect] : [DerbyTenSix] -> [org.hibernate.dialect.DerbyTenSixDialect]
[TRACE] 2021-03-27 09:24:20.693 [main] StrategySelectorImpl - Registering named strategy selector [org.hibernate.dialect.Dialect] : [DerbyTenSeven] -> [org.hibernate.dialect.DerbyTenSevenDialect]
[TRACE] 2021-03-27 09:24:20.694 [main] StrategySelectorImpl - Registering named strategy selector [org.hibernate.dialect.Dialect] : [Firebird] -> [org.hibernate.dialect.FirebirdDialect]
[TRACE] 2021-03-27 09:24:20.694 [main] StrategySelectorImpl - Registering named strategy selector [org.hibernate.dialect.Dialect] : [FrontBase] -> [org.hibernate.dialect.FrontBaseDialect]
[TRACE] 2021-03-27 09:24:20.695 [main] StrategySelectorImpl - Registering named strategy selector [org.hibernate.dialect.Dialect] : [H2] -> [org.hibernate.dialect.H2Dialect]
[TRACE] 2021-03-27 09:24:20.697 [main] StrategySelectorImpl - Registering named strategy selector [org.hibernate.dialect.Dialect] : [HANAColumnStore] -> [org.hibernate.dialect.HANAColumnStoreDialect]
[TRACE] 2021-03-27 09:24:20.698 [main] StrategySelectorImpl - Registering named strategy selector [org.hibernate.dialect.Dialect] : [HANARowStore] -> [org.hibernate.dialect.HANARowStoreDialect]
[TRACE] 2021-03-27 09:24:20.699 [main] StrategySelectorImpl - Registering named strategy selector [org.hibernate.dialect.Dialect] : [HSQL] -> [org.hibernate.dialect.HSQLDialect]
[TRACE] 2021-03-27 09:24:20.700 [main] StrategySelectorImpl - Registering named strategy selector [org.hibernate.dialect.Dialect] : [Informix] -> [org.hibernate.dialect.InformixDialect]
[TRACE] 2021-03-27 09:24:20.701 [main] StrategySelectorImpl - Registering named strategy selector [org.hibernate.dialect.Dialect] : [Ingres] -> [org.hibernate.dialect.IngresDialect]
[TRACE] 2021-03-27 09:24:20.702 [main] StrategySelectorImpl - Registering named strategy selector [org.hibernate.dialect.Dialect] : [Ingres9] -> [org.hibernate.dialect.Ingres9Dialect]
[TRACE] 2021-03-27 09:24:20.702 [main] StrategySelectorImpl - Registering named strategy selector [org.hibernate.dialect.Dialect] : [Ingres10] -> [org.hibernate.dialect.Ingres10Dialect]
[TRACE] 2021-03-27 09:24:20.702 [main] StrategySelectorImpl - Registering named strategy selector [org.hibernate.dialect.Dialect] : [Interbase] -> [org.hibernate.dialect.InterbaseDialect]
[TRACE] 2021-03-27 09:24:20.703 [main] StrategySelectorImpl - Registering named strategy selector [org.hibernate.dialect.Dialect] : [JDataStore] -> [org.hibernate.dialect.JDataStoreDialect]
[TRACE] 2021-03-27 09:24:20.704 [main] StrategySelectorImpl - Registering named strategy selector [org.hibernate.dialect.Dialect] : [Mckoi] -> [org.hibernate.dialect.MckoiDialect]
[TRACE] 2021-03-27 09:24:20.705 [main] StrategySelectorImpl - Registering named strategy selector [org.hibernate.dialect.Dialect] : [MimerSQL] -> [org.hibernate.dialect.MimerSQLDialect]
[TRACE] 2021-03-27 09:24:20.706 [main] StrategySelectorImpl - Registering named strategy selector [org.hibernate.dialect.Dialect] : [MySQL5] -> [org.hibernate.dialect.MySQL5Dialect]
[TRACE] 2021-03-27 09:24:20.707 [main] StrategySelectorImpl - Registering named strategy selector [org.hibernate.dialect.Dialect] : [MySQL5InnoDB] -> [org.hibernate.dialect.MySQL5InnoDBDialect]
[TRACE] 2021-03-27 09:24:20.708 [main] StrategySelectorImpl - Registering named strategy selector [org.hibernate.dialect.Dialect] : [MySQL57InnoDB] -> [org.hibernate.dialect.MySQL57InnoDBDialect]
[TRACE] 2021-03-27 09:24:20.709 [main] StrategySelectorImpl - Registering named strategy selector [org.hibernate.dialect.Dialect] : [MySQL57] -> [org.hibernate.dialect.MySQL57Dialect]
[TRACE] 2021-03-27 09:24:20.709 [main] StrategySelectorImpl - Registering named strategy selector [org.hibernate.dialect.Dialect] : [MySQL8] -> [org.hibernate.dialect.MySQL8Dialect]
[TRACE] 2021-03-27 09:24:20.711 [main] StrategySelectorImpl - Registering named strategy selector [org.hibernate.dialect.Dialect] : [Oracle8i] -> [org.hibernate.dialect.Oracle8iDialect]
[TRACE] 2021-03-27 09:24:20.712 [main] StrategySelectorImpl - Registering named strategy selector [org.hibernate.dialect.Dialect] : [Oracle9i] -> [org.hibernate.dialect.Oracle9iDialect]
[TRACE] 2021-03-27 09:24:20.713 [main] StrategySelectorImpl - Registering named strategy selector [org.hibernate.dialect.Dialect] : [Oracle10g] -> [org.hibernate.dialect.Oracle10gDialect]
[TRACE] 2021-03-27 09:24:20.714 [main] StrategySelectorImpl - Registering named strategy selector [org.hibernate.dialect.Dialect] : [Pointbase] -> [org.hibernate.dialect.PointbaseDialect]
[TRACE] 2021-03-27 09:24:20.716 [main] StrategySelectorImpl - Registering named strategy selector [org.hibernate.dialect.Dialect] : [PostgresPlus] -> [org.hibernate.dialect.PostgresPlusDialect]
[TRACE] 2021-03-27 09:24:20.717 [main] StrategySelectorImpl - Registering named strategy selector [org.hibernate.dialect.Dialect] : [PostgreSQL81] -> [org.hibernate.dialect.PostgreSQL81Dialect]
[TRACE] 2021-03-27 09:24:20.717 [main] StrategySelectorImpl - Registering named strategy selector [org.hibernate.dialect.Dialect] : [PostgreSQL82] -> [org.hibernate.dialect.PostgreSQL82Dialect]
[TRACE] 2021-03-27 09:24:20.717 [main] StrategySelectorImpl - Registering named strategy selector [org.hibernate.dialect.Dialect] : [PostgreSQL9] -> [org.hibernate.dialect.PostgreSQL9Dialect]
[TRACE] 2021-03-27 09:24:20.718 [main] StrategySelectorImpl - Registering named strategy selector [org.hibernate.dialect.Dialect] : [Progress] -> [org.hibernate.dialect.ProgressDialect]
[TRACE] 2021-03-27 09:24:20.718 [main] StrategySelectorImpl - Registering named strategy selector [org.hibernate.dialect.Dialect] : [SAPDB] -> [org.hibernate.dialect.SAPDBDialect]
[TRACE] 2021-03-27 09:24:20.719 [main] StrategySelectorImpl - Registering named strategy selector [org.hibernate.dialect.Dialect] : [SQLServer] -> [org.hibernate.dialect.SQLServerDialect]
[TRACE] 2021-03-27 09:24:20.720 [main] StrategySelectorImpl - Registering named strategy selector [org.hibernate.dialect.Dialect] : [SQLServer2005] -> [org.hibernate.dialect.SQLServer2005Dialect]
[TRACE] 2021-03-27 09:24:20.720 [main] StrategySelectorImpl - Registering named strategy selector [org.hibernate.dialect.Dialect] : [SQLServer2008] -> [org.hibernate.dialect.SQLServer2008Dialect]
[TRACE] 2021-03-27 09:24:20.721 [main] StrategySelectorImpl - Registering named strategy selector [org.hibernate.dialect.Dialect] : [Sybase11] -> [org.hibernate.dialect.Sybase11Dialect]
[TRACE] 2021-03-27 09:24:20.722 [main] StrategySelectorImpl - Registering named strategy selector [org.hibernate.dialect.Dialect] : [SybaseAnywhere] -> [org.hibernate.dialect.SybaseAnywhereDialect]
[TRACE] 2021-03-27 09:24:20.723 [main] StrategySelectorImpl - Registering named strategy selector [org.hibernate.dialect.Dialect] : [SybaseASE15] -> [org.hibernate.dialect.SybaseASE15Dialect]
[TRACE] 2021-03-27 09:24:20.723 [main] StrategySelectorImpl - Registering named strategy selector [org.hibernate.dialect.Dialect] : [SybaseASE157] -> [org.hibernate.dialect.SybaseASE157Dialect]
[TRACE] 2021-03-27 09:24:20.724 [main] StrategySelectorImpl - Registering named strategy selector [org.hibernate.dialect.Dialect] : [Teradata] -> [org.hibernate.dialect.TeradataDialect]
[TRACE] 2021-03-27 09:24:20.725 [main] StrategySelectorImpl - Registering named strategy selector [org.hibernate.dialect.Dialect] : [TimesTen] -> [org.hibernate.dialect.TimesTenDialect]
[TRACE] 2021-03-27 09:24:20.727 [main] StrategySelectorImpl - Registering named strategy selector [org.hibernate.engine.transaction.jta.platform.spi.JtaPlatform] : [Atomikos] -> [org.hibernate.engine.transaction.jta.platform.internal.AtomikosJtaPlatform]
[TRACE] 2021-03-27 09:24:20.727 [main] StrategySelectorImpl - Registering named strategy selector [org.hibernate.engine.transaction.jta.platform.spi.JtaPlatform] : [org.hibernate.service.jta.platform.internal.AtomikosJtaPlatform] -> [org.hibernate.engine.transaction.jta.platform.internal.AtomikosJtaPlatform]
[TRACE] 2021-03-27 09:24:20.728 [main] StrategySelectorImpl - Registering named strategy selector [org.hibernate.engine.transaction.jta.platform.spi.JtaPlatform] : [Borland] -> [org.hibernate.engine.transaction.jta.platform.internal.BorlandEnterpriseServerJtaPlatform]
[TRACE] 2021-03-27 09:24:20.728 [main] StrategySelectorImpl - Registering named strategy selector [org.hibernate.engine.transaction.jta.platform.spi.JtaPlatform] : [org.hibernate.service.jta.platform.internal.BorlandEnterpriseServerJtaPlatform] -> [org.hibernate.engine.transaction.jta.platform.internal.BorlandEnterpriseServerJtaPlatform]
[TRACE] 2021-03-27 09:24:20.729 [main] StrategySelectorImpl - Registering named strategy selector [org.hibernate.engine.transaction.jta.platform.spi.JtaPlatform] : [Bitronix] -> [org.hibernate.engine.transaction.jta.platform.internal.BitronixJtaPlatform]
[TRACE] 2021-03-27 09:24:20.729 [main] StrategySelectorImpl - Registering named strategy selector [org.hibernate.engine.transaction.jta.platform.spi.JtaPlatform] : [org.hibernate.service.jta.platform.internal.BitronixJtaPlatform] -> [org.hibernate.engine.transaction.jta.platform.internal.BitronixJtaPlatform]
[TRACE] 2021-03-27 09:24:20.730 [main] StrategySelectorImpl - Registering named strategy selector [org.hibernate.engine.transaction.jta.platform.spi.JtaPlatform] : [JBossAS] -> [org.hibernate.engine.transaction.jta.platform.internal.JBossAppServerJtaPlatform]
[TRACE] 2021-03-27 09:24:20.730 [main] StrategySelectorImpl - Registering named strategy selector [org.hibernate.engine.transaction.jta.platform.spi.JtaPlatform] : [org.hibernate.service.jta.platform.internal.JBossAppServerJtaPlatform] -> [org.hibernate.engine.transaction.jta.platform.internal.JBossAppServerJtaPlatform]
[TRACE] 2021-03-27 09:24:20.730 [main] StrategySelectorImpl - Registering named strategy selector [org.hibernate.engine.transaction.jta.platform.spi.JtaPlatform] : [JBossTS] -> [org.hibernate.engine.transaction.jta.platform.internal.JBossStandAloneJtaPlatform]
[TRACE] 2021-03-27 09:24:20.730 [main] StrategySelectorImpl - Registering named strategy selector [org.hibernate.engine.transaction.jta.platform.spi.JtaPlatform] : [org.hibernate.service.jta.platform.internal.JBossStandAloneJtaPlatform] -> [org.hibernate.engine.transaction.jta.platform.internal.JBossStandAloneJtaPlatform]
[TRACE] 2021-03-27 09:24:20.731 [main] StrategySelectorImpl - Registering named strategy selector [org.hibernate.engine.transaction.jta.platform.spi.JtaPlatform] : [JOnAS] -> [org.hibernate.engine.transaction.jta.platform.internal.JOnASJtaPlatform]
[TRACE] 2021-03-27 09:24:20.731 [main] StrategySelectorImpl - Registering named strategy selector [org.hibernate.engine.transaction.jta.platform.spi.JtaPlatform] : [org.hibernate.service.jta.platform.internal.JOnASJtaPlatform] -> [org.hibernate.engine.transaction.jta.platform.internal.JOnASJtaPlatform]
[TRACE] 2021-03-27 09:24:20.732 [main] StrategySelectorImpl - Registering named strategy selector [org.hibernate.engine.transaction.jta.platform.spi.JtaPlatform] : [JOTM] -> [org.hibernate.engine.transaction.jta.platform.internal.JOTMJtaPlatform]
[TRACE] 2021-03-27 09:24:20.732 [main] StrategySelectorImpl - Registering named strategy selector [org.hibernate.engine.transaction.jta.platform.spi.JtaPlatform] : [org.hibernate.service.jta.platform.internal.JOTMJtaPlatform] -> [org.hibernate.engine.transaction.jta.platform.internal.JOTMJtaPlatform]
[TRACE] 2021-03-27 09:24:20.733 [main] StrategySelectorImpl - Registering named strategy selector [org.hibernate.engine.transaction.jta.platform.spi.JtaPlatform] : [JRun4] -> [org.hibernate.engine.transaction.jta.platform.internal.JRun4JtaPlatform]
[TRACE] 2021-03-27 09:24:20.733 [main] StrategySelectorImpl - Registering named strategy selector [org.hibernate.engine.transaction.jta.platform.spi.JtaPlatform] : [org.hibernate.service.jta.platform.internal.JRun4JtaPlatform] -> [org.hibernate.engine.transaction.jta.platform.internal.JRun4JtaPlatform]
[TRACE] 2021-03-27 09:24:20.733 [main] StrategySelectorImpl - Registering named strategy selector [org.hibernate.engine.transaction.jta.platform.spi.JtaPlatform] : [OC4J] -> [org.hibernate.engine.transaction.jta.platform.internal.OC4JJtaPlatform]
[TRACE] 2021-03-27 09:24:20.733 [main] StrategySelectorImpl - Registering named strategy selector [org.hibernate.engine.transaction.jta.platform.spi.JtaPlatform] : [org.hibernate.service.jta.platform.internal.OC4JJtaPlatform] -> [org.hibernate.engine.transaction.jta.platform.internal.OC4JJtaPlatform]
[TRACE] 2021-03-27 09:24:20.734 [main] StrategySelectorImpl - Registering named strategy selector [org.hibernate.engine.transaction.jta.platform.spi.JtaPlatform] : [Orion] -> [org.hibernate.engine.transaction.jta.platform.internal.OrionJtaPlatform]
[TRACE] 2021-03-27 09:24:20.734 [main] StrategySelectorImpl - Registering named strategy selector [org.hibernate.engine.transaction.jta.platform.spi.JtaPlatform] : [org.hibernate.service.jta.platform.internal.OrionJtaPlatform] -> [org.hibernate.engine.transaction.jta.platform.internal.OrionJtaPlatform]
[TRACE] 2021-03-27 09:24:20.734 [main] StrategySelectorImpl - Registering named strategy selector [org.hibernate.engine.transaction.jta.platform.spi.JtaPlatform] : [Resin] -> [org.hibernate.engine.transaction.jta.platform.internal.ResinJtaPlatform]
[TRACE] 2021-03-27 09:24:20.734 [main] StrategySelectorImpl - Registering named strategy selector [org.hibernate.engine.transaction.jta.platform.spi.JtaPlatform] : [org.hibernate.service.jta.platform.internal.ResinJtaPlatform] -> [org.hibernate.engine.transaction.jta.platform.internal.ResinJtaPlatform]
[TRACE] 2021-03-27 09:24:20.735 [main] StrategySelectorImpl - Registering named strategy selector [org.hibernate.engine.transaction.jta.platform.spi.JtaPlatform] : [SapNetWeaver] -> [org.hibernate.engine.transaction.jta.platform.internal.SapNetWeaverJtaPlatform]
[TRACE] 2021-03-27 09:24:20.735 [main] StrategySelectorImpl - Registering named strategy selector [org.hibernate.engine.transaction.jta.platform.spi.JtaPlatform] : [org.hibernate.service.jta.platform.internal.SapNetWeaverJtaPlatform] -> [org.hibernate.engine.transaction.jta.platform.internal.SapNetWeaverJtaPlatform]
[TRACE] 2021-03-27 09:24:20.736 [main] StrategySelectorImpl - Registering named strategy selector [org.hibernate.engine.transaction.jta.platform.spi.JtaPlatform] : [SunOne] -> [org.hibernate.engine.transaction.jta.platform.internal.SunOneJtaPlatform]
[TRACE] 2021-03-27 09:24:20.736 [main] StrategySelectorImpl - Registering named strategy selector [org.hibernate.engine.transaction.jta.platform.spi.JtaPlatform] : [org.hibernate.service.jta.platform.internal.SunOneJtaPlatform] -> [org.hibernate.engine.transaction.jta.platform.internal.SunOneJtaPlatform]
[TRACE] 2021-03-27 09:24:20.737 [main] StrategySelectorImpl - Registering named strategy selector [org.hibernate.engine.transaction.jta.platform.spi.JtaPlatform] : [Weblogic] -> [org.hibernate.engine.transaction.jta.platform.internal.WeblogicJtaPlatform]
[TRACE] 2021-03-27 09:24:20.737 [main] StrategySelectorImpl - Registering named strategy selector [org.hibernate.engine.transaction.jta.platform.spi.JtaPlatform] : [org.hibernate.service.jta.platform.internal.WeblogicJtaPlatform] -> [org.hibernate.engine.transaction.jta.platform.internal.WeblogicJtaPlatform]
[TRACE] 2021-03-27 09:24:20.737 [main] StrategySelectorImpl - Registering named strategy selector [org.hibernate.engine.transaction.jta.platform.spi.JtaPlatform] : [WebSphereLiberty] -> [org.hibernate.engine.transaction.jta.platform.internal.WebSphereLibertyJtaPlatform]
[TRACE] 2021-03-27 09:24:20.738 [main] StrategySelectorImpl - Registering named strategy selector [org.hibernate.engine.transaction.jta.platform.spi.JtaPlatform] : [org.hibernate.engine.transaction.jta.platform.internal.WebSphereLibertyJtaPlatform] -> [org.hibernate.engine.transaction.jta.platform.internal.WebSphereLibertyJtaPlatform]
[TRACE] 2021-03-27 09:24:20.738 [main] StrategySelectorImpl - Registering named strategy selector [org.hibernate.engine.transaction.jta.platform.spi.JtaPlatform] : [WebSphere] -> [org.hibernate.engine.transaction.jta.platform.internal.WebSphereJtaPlatform]
[TRACE] 2021-03-27 09:24:20.739 [main] StrategySelectorImpl - Registering named strategy selector [org.hibernate.engine.transaction.jta.platform.spi.JtaPlatform] : [org.hibernate.service.jta.platform.internal.WebSphereJtaPlatform] -> [org.hibernate.engine.transaction.jta.platform.internal.WebSphereJtaPlatform]
[TRACE] 2021-03-27 09:24:20.739 [main] StrategySelectorImpl - Registering named strategy selector [org.hibernate.engine.transaction.jta.platform.spi.JtaPlatform] : [WebSphereExtended] -> [org.hibernate.engine.transaction.jta.platform.internal.WebSphereExtendedJtaPlatform]
[TRACE] 2021-03-27 09:24:20.739 [main] StrategySelectorImpl - Registering named strategy selector [org.hibernate.engine.transaction.jta.platform.spi.JtaPlatform] : [org.hibernate.service.jta.platform.internal.WebSphereExtendedJtaPlatform] -> [org.hibernate.engine.transaction.jta.platform.internal.WebSphereExtendedJtaPlatform]
[TRACE] 2021-03-27 09:24:20.740 [main] StrategySelectorImpl - Registering named strategy selector [org.hibernate.resource.transaction.spi.TransactionCoordinatorBuilder] : [jdbc] -> [org.hibernate.resource.transaction.backend.jdbc.internal.JdbcResourceLocalTransactionCoordinatorBuilderImpl]
[TRACE] 2021-03-27 09:24:20.741 [main] StrategySelectorImpl - Registering named strategy selector [org.hibernate.resource.transaction.spi.TransactionCoordinatorBuilder] : [jta] -> [org.hibernate.resource.transaction.backend.jta.internal.JtaTransactionCoordinatorBuilderImpl]
[TRACE] 2021-03-27 09:24:20.742 [main] StrategySelectorImpl - Registering named strategy selector [org.hibernate.resource.transaction.spi.TransactionCoordinatorBuilder] : [org.hibernate.transaction.JDBCTransactionFactory] -> [org.hibernate.resource.transaction.backend.jdbc.internal.JdbcResourceLocalTransactionCoordinatorBuilderImpl]
[TRACE] 2021-03-27 09:24:20.742 [main] StrategySelectorImpl - Registering named strategy selector [org.hibernate.resource.transaction.spi.TransactionCoordinatorBuilder] : [org.hibernate.transaction.JTATransactionFactory] -> [org.hibernate.resource.transaction.backend.jta.internal.JtaTransactionCoordinatorBuilderImpl]
[TRACE] 2021-03-27 09:24:20.742 [main] StrategySelectorImpl - Registering named strategy selector [org.hibernate.resource.transaction.spi.TransactionCoordinatorBuilder] : [org.hibernate.transaction.CMTTransactionFactory] -> [org.hibernate.resource.transaction.backend.jta.internal.JtaTransactionCoordinatorBuilderImpl]
[TRACE] 2021-03-27 09:24:20.744 [main] StrategySelectorImpl - Registering named strategy selector [org.hibernate.hql.spi.id.MultiTableBulkIdStrategy] : [persistent] -> [org.hibernate.hql.spi.id.persistent.PersistentTableBulkIdStrategy]
[TRACE] 2021-03-27 09:24:20.745 [main] StrategySelectorImpl - Registering named strategy selector [org.hibernate.hql.spi.id.MultiTableBulkIdStrategy] : [global_temporary] -> [org.hibernate.hql.spi.id.global.GlobalTemporaryTableBulkIdStrategy]
[TRACE] 2021-03-27 09:24:20.746 [main] StrategySelectorImpl - Registering named strategy selector [org.hibernate.hql.spi.id.MultiTableBulkIdStrategy] : [local_temporary] -> [org.hibernate.hql.spi.id.local.LocalTemporaryTableBulkIdStrategy]
[TRACE] 2021-03-27 09:24:20.747 [main] StrategySelectorImpl - Registering named strategy selector [org.hibernate.boot.model.naming.ImplicitNamingStrategy] : [default] -> [org.hibernate.boot.model.naming.ImplicitNamingStrategyJpaCompliantImpl]
[TRACE] 2021-03-27 09:24:20.747 [main] StrategySelectorImpl - Registering named strategy selector [org.hibernate.boot.model.naming.ImplicitNamingStrategy] : [jpa] -> [org.hibernate.boot.model.naming.ImplicitNamingStrategyJpaCompliantImpl]
[TRACE] 2021-03-27 09:24:20.748 [main] StrategySelectorImpl - Registering named strategy selector [org.hibernate.boot.model.naming.ImplicitNamingStrategy] : [legacy-jpa] -> [org.hibernate.boot.model.naming.ImplicitNamingStrategyLegacyJpaImpl]
[TRACE] 2021-03-27 09:24:20.748 [main] StrategySelectorImpl - Registering named strategy selector [org.hibernate.boot.model.naming.ImplicitNamingStrategy] : [legacy-hbm] -> [org.hibernate.boot.model.naming.ImplicitNamingStrategyLegacyHbmImpl]
[TRACE] 2021-03-27 09:24:20.749 [main] StrategySelectorImpl - Registering named strategy selector [org.hibernate.boot.model.naming.ImplicitNamingStrategy] : [component-path] -> [org.hibernate.boot.model.naming.ImplicitNamingStrategyComponentPathImpl]
[TRACE] 2021-03-27 09:24:20.750 [main] StrategySelectorImpl - Registering named strategy selector [org.hibernate.cache.spi.CacheKeysFactory] : [default] -> [org.hibernate.cache.internal.DefaultCacheKeysFactory]
[TRACE] 2021-03-27 09:24:20.750 [main] StrategySelectorImpl - Registering named strategy selector [org.hibernate.cache.spi.CacheKeysFactory] : [simple] -> [org.hibernate.cache.internal.SimpleCacheKeysFactory]
[TRACE] 2021-03-27 09:24:20.757 [main] StrategySelectorImpl - Registering named strategy selector [org.hibernate.engine.jdbc.connections.spi.ConnectionProvider] : [c3p0] -> [org.hibernate.c3p0.internal.C3P0ConnectionProvider]
[TRACE] 2021-03-27 09:24:20.758 [main] StrategySelectorImpl - Registering named strategy selector [org.hibernate.engine.jdbc.connections.spi.ConnectionProvider] : [C3P0ConnectionProvider] -> [org.hibernate.c3p0.internal.C3P0ConnectionProvider]
[TRACE] 2021-03-27 09:24:20.758 [main] StrategySelectorImpl - Registering named strategy selector [org.hibernate.engine.jdbc.connections.spi.ConnectionProvider] : [org.hibernate.connection.C3P0ConnectionProvider] -> [org.hibernate.c3p0.internal.C3P0ConnectionProvider]
[TRACE] 2021-03-27 09:24:20.758 [main] StrategySelectorImpl - Registering named strategy selector [org.hibernate.engine.jdbc.connections.spi.ConnectionProvider] : [org.hibernate.service.jdbc.connections.internal.C3P0ConnectionProvider] -> [org.hibernate.c3p0.internal.C3P0ConnectionProvider]
[INFO ] 2021-03-27 09:24:20.799 [main] Version - HHH000412: Hibernate Core {5.4.4.Final}
[DEBUG] 2021-03-27 09:24:20.802 [main] Environment - HHH000206: hibernate.properties not found
[TRACE] 2021-03-27 09:24:20.976 [main] ClassLoaderServiceImpl - trying via [new URL("hibernate.cfg.xml")]
[TRACE] 2021-03-27 09:24:20.977 [main] ClassLoaderServiceImpl - trying via [ClassLoader.getResourceAsStream("hibernate.cfg.xml")]
[TRACE] 2021-03-27 09:24:21.040 [main] LocalXmlResourceResolver - In resolveEntity(-//Hibernate/Hibernate Configuration DTD//EN, http://www.hibernate.org/dtd/hibernate-configuration-3.0.dtd, null, null)
[DEBUG] 2021-03-27 09:24:21.040 [main] LocalXmlResourceResolver - Interpreting public/system identifier : [-//Hibernate/Hibernate Configuration DTD//EN] - [http://www.hibernate.org/dtd/hibernate-configuration-3.0.dtd]
[DEBUG] 2021-03-27 09:24:21.040 [main] LocalXmlResourceResolver - Recognized hibernate-configuration identifier; attempting to resolve on classpath under org/hibernate/
[DEBUG] 2021-03-27 09:24:21.045 [main] JaxbCfgProcessor - cfg.xml document did not define namespaces; wrapping in custom event reader to introduce namespace information
[DEBUG] 2021-03-27 09:24:21.339 [main] ServiceBinding - Overriding existing service binding [org.hibernate.secure.spi.JaccService]
[TRACE] 2021-03-27 09:24:21.357 [main] AbstractServiceRegistryImpl - Initializing service [role=org.hibernate.engine.config.spi.ConfigurationService]
[TRACE] 2021-03-27 09:24:21.366 [main] AbstractServiceRegistryImpl - Initializing service [role=org.hibernate.cache.spi.RegionFactory]
[DEBUG] 2021-03-27 09:24:21.367 [main] RegionFactoryInitiator - Cannot default RegionFactory based on registered strategies as `[]` RegionFactory strategies were registered
[DEBUG] 2021-03-27 09:24:21.368 [main] RegionFactoryInitiator - Cache region factory : org.hibernate.cache.internal.NoCachingRegionFactory
[INFO ] 2021-03-27 09:24:21.391 [main] Version - HCANN000001: Hibernate Commons Annotations {5.1.0.Final}
[DEBUG] 2021-03-27 09:24:21.437 [main] BasicTypeRegistry - Adding type registration boolean -> org.hibernate.type.BooleanType@68d7a2df
[DEBUG] 2021-03-27 09:24:21.437 [main] BasicTypeRegistry - Adding type registration boolean -> org.hibernate.type.BooleanType@68d7a2df
[DEBUG] 2021-03-27 09:24:21.437 [main] BasicTypeRegistry - Adding type registration java.lang.Boolean -> org.hibernate.type.BooleanType@68d7a2df
[DEBUG] 2021-03-27 09:24:21.437 [main] BasicTypeRegistry - Adding type registration numeric_boolean -> org.hibernate.type.NumericBooleanType@3ed7821
[DEBUG] 2021-03-27 09:24:21.438 [main] BasicTypeRegistry - Adding type registration true_false -> org.hibernate.type.TrueFalseType@3ee0b4f7
[DEBUG] 2021-03-27 09:24:21.439 [main] BasicTypeRegistry - Adding type registration yes_no -> org.hibernate.type.YesNoType@77bbadc
[DEBUG] 2021-03-27 09:24:21.441 [main] BasicTypeRegistry - Adding type registration byte -> org.hibernate.type.ByteType@a451491
[DEBUG] 2021-03-27 09:24:21.441 [main] BasicTypeRegistry - Adding type registration byte -> org.hibernate.type.ByteType@a451491
[DEBUG] 2021-03-27 09:24:21.441 [main] BasicTypeRegistry - Adding type registration java.lang.Byte -> org.hibernate.type.ByteType@a451491
[DEBUG] 2021-03-27 09:24:21.444 [main] BasicTypeRegistry - Adding type registration character -> org.hibernate.type.CharacterType@53e800f9
[DEBUG] 2021-03-27 09:24:21.445 [main] BasicTypeRegistry - Adding type registration char -> org.hibernate.type.CharacterType@53e800f9
[DEBUG] 2021-03-27 09:24:21.445 [main] BasicTypeRegistry - Adding type registration java.lang.Character -> org.hibernate.type.CharacterType@53e800f9
[DEBUG] 2021-03-27 09:24:21.449 [main] BasicTypeRegistry - Adding type registration short -> org.hibernate.type.ShortType@524a076e
[DEBUG] 2021-03-27 09:24:21.450 [main] BasicTypeRegistry - Adding type registration short -> org.hibernate.type.ShortType@524a076e
[DEBUG] 2021-03-27 09:24:21.450 [main] BasicTypeRegistry - Adding type registration java.lang.Short -> org.hibernate.type.ShortType@524a076e
[DEBUG] 2021-03-27 09:24:21.451 [main] BasicTypeRegistry - Adding type registration integer -> org.hibernate.type.IntegerType@6cc86152
[DEBUG] 2021-03-27 09:24:21.451 [main] BasicTypeRegistry - Adding type registration int -> org.hibernate.type.IntegerType@6cc86152
[DEBUG] 2021-03-27 09:24:21.451 [main] BasicTypeRegistry - Adding type registration java.lang.Integer -> org.hibernate.type.IntegerType@6cc86152
[DEBUG] 2021-03-27 09:24:21.452 [main] BasicTypeRegistry - Adding type registration long -> org.hibernate.type.LongType@522bf64e
[DEBUG] 2021-03-27 09:24:21.452 [main] BasicTypeRegistry - Adding type registration long -> org.hibernate.type.LongType@522bf64e
[DEBUG] 2021-03-27 09:24:21.452 [main] BasicTypeRegistry - Adding type registration java.lang.Long -> org.hibernate.type.LongType@522bf64e
[DEBUG] 2021-03-27 09:24:21.453 [main] BasicTypeRegistry - Adding type registration float -> org.hibernate.type.FloatType@2e66bc32
[DEBUG] 2021-03-27 09:24:21.453 [main] BasicTypeRegistry - Adding type registration float -> org.hibernate.type.FloatType@2e66bc32
[DEBUG] 2021-03-27 09:24:21.453 [main] BasicTypeRegistry - Adding type registration java.lang.Float -> org.hibernate.type.FloatType@2e66bc32
[DEBUG] 2021-03-27 09:24:21.454 [main] BasicTypeRegistry - Adding type registration double -> org.hibernate.type.DoubleType@77b919a3
[DEBUG] 2021-03-27 09:24:21.455 [main] BasicTypeRegistry - Adding type registration double -> org.hibernate.type.DoubleType@77b919a3
[DEBUG] 2021-03-27 09:24:21.455 [main] BasicTypeRegistry - Adding type registration java.lang.Double -> org.hibernate.type.DoubleType@77b919a3
[DEBUG] 2021-03-27 09:24:21.456 [main] BasicTypeRegistry - Adding type registration big_decimal -> org.hibernate.type.BigDecimalType@32e54a9d
[DEBUG] 2021-03-27 09:24:21.456 [main] BasicTypeRegistry - Adding type registration java.math.BigDecimal -> org.hibernate.type.BigDecimalType@32e54a9d
[DEBUG] 2021-03-27 09:24:21.457 [main] BasicTypeRegistry - Adding type registration big_integer -> org.hibernate.type.BigIntegerType@b52b755
[DEBUG] 2021-03-27 09:24:21.457 [main] BasicTypeRegistry - Adding type registration java.math.BigInteger -> org.hibernate.type.BigIntegerType@b52b755
[DEBUG] 2021-03-27 09:24:21.458 [main] BasicTypeRegistry - Adding type registration string -> org.hibernate.type.StringType@56da7487
[DEBUG] 2021-03-27 09:24:21.458 [main] BasicTypeRegistry - Adding type registration java.lang.String -> org.hibernate.type.StringType@56da7487
[DEBUG] 2021-03-27 09:24:21.459 [main] BasicTypeRegistry - Adding type registration nstring -> org.hibernate.type.StringNVarcharType@4745e9c
[DEBUG] 2021-03-27 09:24:21.459 [main] BasicTypeRegistry - Adding type registration ncharacter -> org.hibernate.type.CharacterNCharType@296e281a
[DEBUG] 2021-03-27 09:24:21.460 [main] BasicTypeRegistry - Adding type registration url -> org.hibernate.type.UrlType@7ecec90d
[DEBUG] 2021-03-27 09:24:21.460 [main] BasicTypeRegistry - Adding type registration java.net.URL -> org.hibernate.type.UrlType@7ecec90d
[DEBUG] 2021-03-27 09:24:21.462 [main] BasicTypeRegistry - Adding type registration Duration -> org.hibernate.type.DurationType@6342d610
[DEBUG] 2021-03-27 09:24:21.462 [main] BasicTypeRegistry - Adding type registration java.time.Duration -> org.hibernate.type.DurationType@6342d610
[DEBUG] 2021-03-27 09:24:21.473 [main] BasicTypeRegistry - Adding type registration Instant -> org.hibernate.type.InstantType@6540cf1d
[DEBUG] 2021-03-27 09:24:21.474 [main] BasicTypeRegistry - Adding type registration java.time.Instant -> org.hibernate.type.InstantType@6540cf1d
[DEBUG] 2021-03-27 09:24:21.476 [main] BasicTypeRegistry - Adding type registration LocalDateTime -> org.hibernate.type.LocalDateTimeType@3dfa819
[DEBUG] 2021-03-27 09:24:21.476 [main] BasicTypeRegistry - Adding type registration java.time.LocalDateTime -> org.hibernate.type.LocalDateTimeType@3dfa819
[DEBUG] 2021-03-27 09:24:21.477 [main] BasicTypeRegistry - Adding type registration LocalDate -> org.hibernate.type.LocalDateType@517a2b0
[DEBUG] 2021-03-27 09:24:21.478 [main] BasicTypeRegistry - Adding type registration java.time.LocalDate -> org.hibernate.type.LocalDateType@517a2b0
[DEBUG] 2021-03-27 09:24:21.479 [main] BasicTypeRegistry - Adding type registration LocalTime -> org.hibernate.type.LocalTimeType@97d0c06
[DEBUG] 2021-03-27 09:24:21.479 [main] BasicTypeRegistry - Adding type registration java.time.LocalTime -> org.hibernate.type.LocalTimeType@97d0c06
[DEBUG] 2021-03-27 09:24:21.480 [main] BasicTypeRegistry - Adding type registration OffsetDateTime -> org.hibernate.type.OffsetDateTimeType@4b97c4ad
[DEBUG] 2021-03-27 09:24:21.480 [main] BasicTypeRegistry - Adding type registration java.time.OffsetDateTime -> org.hibernate.type.OffsetDateTimeType@4b97c4ad
[DEBUG] 2021-03-27 09:24:21.482 [main] BasicTypeRegistry - Adding type registration OffsetTime -> org.hibernate.type.OffsetTimeType@54e2fe
[DEBUG] 2021-03-27 09:24:21.482 [main] BasicTypeRegistry - Adding type registration java.time.OffsetTime -> org.hibernate.type.OffsetTimeType@54e2fe
[DEBUG] 2021-03-27 09:24:21.489 [main] BasicTypeRegistry - Adding type registration ZonedDateTime -> org.hibernate.type.ZonedDateTimeType@709ed6f3
[DEBUG] 2021-03-27 09:24:21.490 [main] BasicTypeRegistry - Adding type registration java.time.ZonedDateTime -> org.hibernate.type.ZonedDateTimeType@709ed6f3
[DEBUG] 2021-03-27 09:24:21.492 [main] BasicTypeRegistry - Adding type registration date -> org.hibernate.type.DateType@15b642b9
[DEBUG] 2021-03-27 09:24:21.493 [main] BasicTypeRegistry - Adding type registration java.sql.Date -> org.hibernate.type.DateType@15b642b9
[DEBUG] 2021-03-27 09:24:21.494 [main] BasicTypeRegistry - Adding type registration time -> org.hibernate.type.TimeType@18b8d173
[DEBUG] 2021-03-27 09:24:21.494 [main] BasicTypeRegistry - Adding type registration java.sql.Time -> org.hibernate.type.TimeType@18b8d173
[DEBUG] 2021-03-27 09:24:21.495 [main] BasicTypeRegistry - Adding type registration timestamp -> org.hibernate.type.TimestampType@748d2277
[DEBUG] 2021-03-27 09:24:21.495 [main] BasicTypeRegistry - Adding type registration java.sql.Timestamp -> org.hibernate.type.TimestampType@748d2277
[DEBUG] 2021-03-27 09:24:21.495 [main] BasicTypeRegistry - Adding type registration java.util.Date -> org.hibernate.type.TimestampType@748d2277
[DEBUG] 2021-03-27 09:24:21.496 [main] BasicTypeRegistry - Adding type registration dbtimestamp -> org.hibernate.type.DbTimestampType@39a87e72
[DEBUG] 2021-03-27 09:24:21.497 [main] BasicTypeRegistry - Adding type registration calendar -> org.hibernate.type.CalendarType@2f4c2cd4
[DEBUG] 2021-03-27 09:24:21.498 [main] BasicTypeRegistry - Adding type registration java.util.Calendar -> org.hibernate.type.CalendarType@2f4c2cd4
[DEBUG] 2021-03-27 09:24:21.498 [main] BasicTypeRegistry - Adding type registration java.util.GregorianCalendar -> org.hibernate.type.CalendarType@2f4c2cd4
[DEBUG] 2021-03-27 09:24:21.498 [main] BasicTypeRegistry - Adding type registration calendar_date -> org.hibernate.type.CalendarDateType@561b7d53
[DEBUG] 2021-03-27 09:24:21.499 [main] BasicTypeRegistry - Adding type registration locale -> org.hibernate.type.LocaleType@1457fde
[DEBUG] 2021-03-27 09:24:21.499 [main] BasicTypeRegistry - Adding type registration java.util.Locale -> org.hibernate.type.LocaleType@1457fde
[DEBUG] 2021-03-27 09:24:21.500 [main] BasicTypeRegistry - Adding type registration currency -> org.hibernate.type.CurrencyType@60c8a093
[DEBUG] 2021-03-27 09:24:21.500 [main] BasicTypeRegistry - Adding type registration java.util.Currency -> org.hibernate.type.CurrencyType@60c8a093
[DEBUG] 2021-03-27 09:24:21.501 [main] BasicTypeRegistry - Adding type registration timezone -> org.hibernate.type.TimeZoneType@75d982d3
[DEBUG] 2021-03-27 09:24:21.501 [main] BasicTypeRegistry - Adding type registration java.util.TimeZone -> org.hibernate.type.TimeZoneType@75d982d3
[DEBUG] 2021-03-27 09:24:21.502 [main] BasicTypeRegistry - Adding type registration class -> org.hibernate.type.ClassType@3204e238
[DEBUG] 2021-03-27 09:24:21.502 [main] BasicTypeRegistry - Adding type registration java.lang.Class -> org.hibernate.type.ClassType@3204e238
[DEBUG] 2021-03-27 09:24:21.503 [main] BasicTypeRegistry - Adding type registration uuid-binary -> org.hibernate.type.UUIDBinaryType@eac3a26
[DEBUG] 2021-03-27 09:24:21.503 [main] BasicTypeRegistry - Adding type registration java.util.UUID -> org.hibernate.type.UUIDBinaryType@eac3a26
[DEBUG] 2021-03-27 09:24:21.504 [main] BasicTypeRegistry - Adding type registration uuid-char -> org.hibernate.type.UUIDCharType@142213d5
[DEBUG] 2021-03-27 09:24:21.505 [main] BasicTypeRegistry - Adding type registration binary -> org.hibernate.type.BinaryType@127a7272
[DEBUG] 2021-03-27 09:24:21.505 [main] BasicTypeRegistry - Adding type registration byte[] -> org.hibernate.type.BinaryType@127a7272
[DEBUG] 2021-03-27 09:24:21.505 [main] BasicTypeRegistry - Adding type registration [B -> org.hibernate.type.BinaryType@127a7272
[DEBUG] 2021-03-27 09:24:21.506 [main] BasicTypeRegistry - Adding type registration wrapper-binary -> org.hibernate.type.WrapperBinaryType@f1d0004
[DEBUG] 2021-03-27 09:24:21.506 [main] BasicTypeRegistry - Adding type registration Byte[] -> org.hibernate.type.WrapperBinaryType@f1d0004
[DEBUG] 2021-03-27 09:24:21.506 [main] BasicTypeRegistry - Adding type registration [Ljava.lang.Byte; -> org.hibernate.type.WrapperBinaryType@f1d0004
[DEBUG] 2021-03-27 09:24:21.507 [main] BasicTypeRegistry - Adding type registration row_version -> org.hibernate.type.RowVersionType@41294371
[DEBUG] 2021-03-27 09:24:21.508 [main] BasicTypeRegistry - Adding type registration image -> org.hibernate.type.ImageType@3a66e67e
[DEBUG] 2021-03-27 09:24:21.509 [main] BasicTypeRegistry - Adding type registration characters -> org.hibernate.type.CharArrayType@534180a2
[DEBUG] 2021-03-27 09:24:21.509 [main] BasicTypeRegistry - Adding type registration char[] -> org.hibernate.type.CharArrayType@534180a2
[DEBUG] 2021-03-27 09:24:21.509 [main] BasicTypeRegistry - Adding type registration [C -> org.hibernate.type.CharArrayType@534180a2
[DEBUG] 2021-03-27 09:24:21.509 [main] BasicTypeRegistry - Adding type registration wrapper-characters -> org.hibernate.type.CharacterArrayType@3c3c4a71
[DEBUG] 2021-03-27 09:24:21.510 [main] BasicTypeRegistry - Adding type registration [Ljava.lang.Character; -> org.hibernate.type.CharacterArrayType@3c3c4a71
[DEBUG] 2021-03-27 09:24:21.510 [main] BasicTypeRegistry - Adding type registration Character[] -> org.hibernate.type.CharacterArrayType@3c3c4a71
[DEBUG] 2021-03-27 09:24:21.510 [main] BasicTypeRegistry - Adding type registration text -> org.hibernate.type.TextType@75de6341
[DEBUG] 2021-03-27 09:24:21.511 [main] BasicTypeRegistry - Adding type registration ntext -> org.hibernate.type.NTextType@3b545206
[DEBUG] 2021-03-27 09:24:21.512 [main] BasicTypeRegistry - Adding type registration blob -> org.hibernate.type.BlobType@3aa41da1
[DEBUG] 2021-03-27 09:24:21.512 [main] BasicTypeRegistry - Adding type registration java.sql.Blob -> org.hibernate.type.BlobType@3aa41da1
[DEBUG] 2021-03-27 09:24:21.512 [main] BasicTypeRegistry - Adding type registration materialized_blob -> org.hibernate.type.MaterializedBlobType@3d7fb838
[DEBUG] 2021-03-27 09:24:21.514 [main] BasicTypeRegistry - Adding type registration clob -> org.hibernate.type.ClobType@64d4f7c7
[DEBUG] 2021-03-27 09:24:21.514 [main] BasicTypeRegistry - Adding type registration java.sql.Clob -> org.hibernate.type.ClobType@64d4f7c7
[DEBUG] 2021-03-27 09:24:21.515 [main] BasicTypeRegistry - Adding type registration nclob -> org.hibernate.type.NClobType@46a145ba
[DEBUG] 2021-03-27 09:24:21.516 [main] BasicTypeRegistry - Adding type registration java.sql.NClob -> org.hibernate.type.NClobType@46a145ba
[DEBUG] 2021-03-27 09:24:21.516 [main] BasicTypeRegistry - Adding type registration materialized_clob -> org.hibernate.type.MaterializedClobType@7afc4db9
[DEBUG] 2021-03-27 09:24:21.516 [main] BasicTypeRegistry - Adding type registration materialized_nclob -> org.hibernate.type.MaterializedNClobType@4acb7ecc
[DEBUG] 2021-03-27 09:24:21.518 [main] BasicTypeRegistry - Adding type registration serializable -> org.hibernate.type.SerializableType@7f5538a1
[DEBUG] 2021-03-27 09:24:21.522 [main] BasicTypeRegistry - Adding type registration object -> org.hibernate.type.ObjectType@58434b19
[DEBUG] 2021-03-27 09:24:21.522 [main] BasicTypeRegistry - Adding type registration java.lang.Object -> org.hibernate.type.ObjectType@58434b19
[DEBUG] 2021-03-27 09:24:21.522 [main] BasicTypeRegistry - Adding type registration imm_date -> org.hibernate.type.AdaptedImmutableType@885e7ff
[DEBUG] 2021-03-27 09:24:21.522 [main] BasicTypeRegistry - Adding type registration imm_time -> org.hibernate.type.AdaptedImmutableType@8bd86c8
[DEBUG] 2021-03-27 09:24:21.522 [main] BasicTypeRegistry - Adding type registration imm_timestamp -> org.hibernate.type.AdaptedImmutableType@4fa9ab6
[DEBUG] 2021-03-27 09:24:21.522 [main] BasicTypeRegistry - Adding type registration imm_dbtimestamp -> org.hibernate.type.AdaptedImmutableType@2d3ef181
[DEBUG] 2021-03-27 09:24:21.522 [main] BasicTypeRegistry - Adding type registration imm_calendar -> org.hibernate.type.AdaptedImmutableType@a2341c6
[DEBUG] 2021-03-27 09:24:21.523 [main] BasicTypeRegistry - Adding type registration imm_calendar_date -> org.hibernate.type.AdaptedImmutableType@6e4c0d8c
[DEBUG] 2021-03-27 09:24:21.523 [main] BasicTypeRegistry - Adding type registration imm_binary -> org.hibernate.type.AdaptedImmutableType@3e3315d9
[DEBUG] 2021-03-27 09:24:21.523 [main] BasicTypeRegistry - Adding type registration imm_serializable -> org.hibernate.type.AdaptedImmutableType@64db4967
[TRACE] 2021-03-27 09:24:21.534 [main] AbstractServiceRegistryImpl - Initializing service [role=org.hibernate.boot.cfgxml.spi.CfgXmlAccessService]
[TRACE] 2021-03-27 09:24:21.553 [main] AbstractServiceRegistryImpl - Initializing service [role=org.hibernate.id.factory.spi.MutableIdentifierGeneratorFactory]
[DEBUG] 2021-03-27 09:24:21.557 [main] DefaultIdentifierGeneratorFactory - Registering IdentifierGenerator strategy [uuid2] -> [org.hibernate.id.UUIDGenerator]
[DEBUG] 2021-03-27 09:24:21.558 [main] DefaultIdentifierGeneratorFactory - Registering IdentifierGenerator strategy [guid] -> [org.hibernate.id.GUIDGenerator]
[DEBUG] 2021-03-27 09:24:21.559 [main] DefaultIdentifierGeneratorFactory - Registering IdentifierGenerator strategy [uuid] -> [org.hibernate.id.UUIDHexGenerator]
[DEBUG] 2021-03-27 09:24:21.559 [main] DefaultIdentifierGeneratorFactory - Registering IdentifierGenerator strategy [uuid.hex] -> [org.hibernate.id.UUIDHexGenerator]
[DEBUG] 2021-03-27 09:24:21.562 [main] DefaultIdentifierGeneratorFactory - Registering IdentifierGenerator strategy [assigned] -> [org.hibernate.id.Assigned]
[DEBUG] 2021-03-27 09:24:21.564 [main] DefaultIdentifierGeneratorFactory - Registering IdentifierGenerator strategy [identity] -> [org.hibernate.id.IdentityGenerator]
[DEBUG] 2021-03-27 09:24:21.564 [main] DefaultIdentifierGeneratorFactory - Registering IdentifierGenerator strategy [select] -> [org.hibernate.id.SelectGenerator]
[DEBUG] 2021-03-27 09:24:21.568 [main] DefaultIdentifierGeneratorFactory - Registering IdentifierGenerator strategy [sequence] -> [org.hibernate.id.enhanced.SequenceStyleGenerator]
[DEBUG] 2021-03-27 09:24:21.569 [main] DefaultIdentifierGeneratorFactory - Registering IdentifierGenerator strategy [seqhilo] -> [org.hibernate.id.SequenceHiLoGenerator]
[DEBUG] 2021-03-27 09:24:21.570 [main] DefaultIdentifierGeneratorFactory - Registering IdentifierGenerator strategy [increment] -> [org.hibernate.id.IncrementGenerator]
[DEBUG] 2021-03-27 09:24:21.571 [main] DefaultIdentifierGeneratorFactory - Registering IdentifierGenerator strategy [foreign] -> [org.hibernate.id.ForeignGenerator]
[DEBUG] 2021-03-27 09:24:21.572 [main] DefaultIdentifierGeneratorFactory - Registering IdentifierGenerator strategy [sequence-identity] -> [org.hibernate.id.SequenceIdentityGenerator]
[DEBUG] 2021-03-27 09:24:21.572 [main] DefaultIdentifierGeneratorFactory - Registering IdentifierGenerator strategy [enhanced-sequence] -> [org.hibernate.id.enhanced.SequenceStyleGenerator]
[DEBUG] 2021-03-27 09:24:21.573 [main] DefaultIdentifierGeneratorFactory - Registering IdentifierGenerator strategy [enhanced-table] -> [org.hibernate.id.enhanced.TableGenerator]
[TRACE] 2021-03-27 09:24:21.574 [main] AbstractServiceRegistryImpl - Initializing service [role=org.hibernate.engine.jdbc.env.spi.JdbcEnvironment]
[TRACE] 2021-03-27 09:24:21.574 [main] AbstractServiceRegistryImpl - Initializing service [role=org.hibernate.engine.jdbc.dialect.spi.DialectFactory]
[TRACE] 2021-03-27 09:24:21.575 [main] AbstractServiceRegistryImpl - Initializing service [role=org.hibernate.engine.jdbc.dialect.spi.DialectResolver]
[TRACE] 2021-03-27 09:24:21.576 [main] AbstractServiceRegistryImpl - Initializing service [role=org.hibernate.engine.jdbc.connections.spi.ConnectionProvider]
[INFO ] 2021-03-27 09:24:21.580 [main] C3P0ConnectionProvider - HHH010002: C3P0 using driver: com.mysql.cj.jdbc.Driver at URL: jdbc:mysql://localhost:3306/test_labpal
[INFO ] 2021-03-27 09:24:21.580 [main] C3P0ConnectionProvider - HHH10001001: Connection properties: {password=****, user=arice}
[INFO ] 2021-03-27 09:24:21.580 [main] C3P0ConnectionProvider - HHH10001003: Autocommit mode: false
[INFO ] 2021-03-27 09:24:21.726 [main] C3P0ConnectionProvider - HHH10001007: JDBC isolation level: <unknown>
[WARN ] 2021-03-27 09:24:52.810 [main] JdbcEnvironmentInitiator - HHH000342: Could not obtain connection to query metadata : Connections could not be acquired from the underlying database!
[DEBUG] 2021-03-27 09:24:52.847 [main] IntegratorServiceImpl - Adding Integrator [org.hibernate.cfg.beanvalidation.BeanValidationIntegrator].
[DEBUG] 2021-03-27 09:24:52.847 [main] IntegratorServiceImpl - Adding Integrator [org.hibernate.secure.spi.JaccIntegrator].
[DEBUG] 2021-03-27 09:24:52.847 [main] IntegratorServiceImpl - Adding Integrator [org.hibernate.cache.internal.CollectionCacheInvalidator].
[TRACE] 2021-03-27 09:24:52.848 [main] StrategySelectorImpl - Registering named strategy selector [org.hibernate.dialect.Dialect] : [Cache71] -> [org.hibernate.dialect.Cache71Dialect]
[TRACE] 2021-03-27 09:24:52.848 [main] StrategySelectorImpl - Registering named strategy selector [org.hibernate.dialect.Dialect] : [CUBRID] -> [org.hibernate.dialect.CUBRIDDialect]
[TRACE] 2021-03-27 09:24:52.848 [main] StrategySelectorImpl - Registering named strategy selector [org.hibernate.dialect.Dialect] : [DB2] -> [org.hibernate.dialect.DB2Dialect]
[TRACE] 2021-03-27 09:24:52.848 [main] StrategySelectorImpl - Registering named strategy selector [org.hibernate.dialect.Dialect] : [DB2390] -> [org.hibernate.dialect.DB2390Dialect]
[TRACE] 2021-03-27 09:24:52.848 [main] StrategySelectorImpl - Registering named strategy selector [org.hibernate.dialect.Dialect] : [DB2390V8] -> [org.hibernate.dialect.DB2390V8Dialect]
[TRACE] 2021-03-27 09:24:52.848 [main] StrategySelectorImpl - Registering named strategy selector [org.hibernate.dialect.Dialect] : [DB2400] -> [org.hibernate.dialect.DB2400Dialect]
[TRACE] 2021-03-27 09:24:52.848 [main] StrategySelectorImpl - Registering named strategy selector [org.hibernate.dialect.Dialect] : [DerbyTenFive] -> [org.hibernate.dialect.DerbyTenFiveDialect]
[TRACE] 2021-03-27 09:24:52.848 [main] StrategySelectorImpl - Registering named strategy selector [org.hibernate.dialect.Dialect] : [DerbyTenSix] -> [org.hibernate.dialect.DerbyTenSixDialect]
[TRACE] 2021-03-27 09:24:52.848 [main] StrategySelectorImpl - Registering named strategy selector [org.hibernate.dialect.Dialect] : [DerbyTenSeven] -> [org.hibernate.dialect.DerbyTenSevenDialect]
[TRACE] 2021-03-27 09:24:52.848 [main] StrategySelectorImpl - Registering named strategy selector [org.hibernate.dialect.Dialect] : [Firebird] -> [org.hibernate.dialect.FirebirdDialect]
[TRACE] 2021-03-27 09:24:52.849 [main] StrategySelectorImpl - Registering named strategy selector [org.hibernate.dialect.Dialect] : [FrontBase] -> [org.hibernate.dialect.FrontBaseDialect]
[TRACE] 2021-03-27 09:24:52.849 [main] StrategySelectorImpl - Registering named strategy selector [org.hibernate.dialect.Dialect] : [H2] -> [org.hibernate.dialect.H2Dialect]
[TRACE] 2021-03-27 09:24:52.849 [main] StrategySelectorImpl - Registering named strategy selector [org.hibernate.dialect.Dialect] : [HANAColumnStore] -> [org.hibernate.dialect.HANAColumnStoreDialect]
[TRACE] 2021-03-27 09:24:52.849 [main] StrategySelectorImpl - Registering named strategy selector [org.hibernate.dialect.Dialect] : [HANARowStore] -> [org.hibernate.dialect.HANARowStoreDialect]
[TRACE] 2021-03-27 09:24:52.849 [main] StrategySelectorImpl - Registering named strategy selector [org.hibernate.dialect.Dialect] : [HSQL] -> [org.hibernate.dialect.HSQLDialect]
[TRACE] 2021-03-27 09:24:52.849 [main] StrategySelectorImpl - Registering named strategy selector [org.hibernate.dialect.Dialect] : [Informix] -> [org.hibernate.dialect.InformixDialect]
[TRACE] 2021-03-27 09:24:52.849 [main] StrategySelectorImpl - Registering named strategy selector [org.hibernate.dialect.Dialect] : [Ingres] -> [org.hibernate.dialect.IngresDialect]
[TRACE] 2021-03-27 09:24:52.849 [main] StrategySelectorImpl - Registering named strategy selector [org.hibernate.dialect.Dialect] : [Ingres9] -> [org.hibernate.dialect.Ingres9Dialect]
[TRACE] 2021-03-27 09:24:52.849 [main] StrategySelectorImpl - Registering named strategy selector [org.hibernate.dialect.Dialect] : [Ingres10] -> [org.hibernate.dialect.Ingres10Dialect]
[TRACE] 2021-03-27 09:24:52.849 [main] StrategySelectorImpl - Registering named strategy selector [org.hibernate.dialect.Dialect] : [Interbase] -> [org.hibernate.dialect.InterbaseDialect]
[TRACE] 2021-03-27 09:24:52.850 [main] StrategySelectorImpl - Registering named strategy selector [org.hibernate.dialect.Dialect] : [JDataStore] -> [org.hibernate.dialect.JDataStoreDialect]
[TRACE] 2021-03-27 09:24:52.850 [main] StrategySelectorImpl - Registering named strategy selector [org.hibernate.dialect.Dialect] : [Mckoi] -> [org.hibernate.dialect.MckoiDialect]
[TRACE] 2021-03-27 09:24:52.850 [main] StrategySelectorImpl - Registering named strategy selector [org.hibernate.dialect.Dialect] : [MimerSQL] -> [org.hibernate.dialect.MimerSQLDialect]
[TRACE] 2021-03-27 09:24:52.850 [main] StrategySelectorImpl - Registering named strategy selector [org.hibernate.dialect.Dialect] : [MySQL5] -> [org.hibernate.dialect.MySQL5Dialect]
[TRACE] 2021-03-27 09:24:52.850 [main] StrategySelectorImpl - Registering named strategy selector [org.hibernate.dialect.Dialect] : [MySQL5InnoDB] -> [org.hibernate.dialect.MySQL5InnoDBDialect]
[TRACE] 2021-03-27 09:24:52.850 [main] StrategySelectorImpl - Registering named strategy selector [org.hibernate.dialect.Dialect] : [MySQL57InnoDB] -> [org.hibernate.dialect.MySQL57InnoDBDialect]
[TRACE] 2021-03-27 09:24:52.850 [main] StrategySelectorImpl - Registering named strategy selector [org.hibernate.dialect.Dialect] : [MySQL57] -> [org.hibernate.dialect.MySQL57Dialect]
[TRACE] 2021-03-27 09:24:52.850 [main] StrategySelectorImpl - Registering named strategy selector [org.hibernate.dialect.Dialect] : [MySQL8] -> [org.hibernate.dialect.MySQL8Dialect]
[TRACE] 2021-03-27 09:24:52.850 [main] StrategySelectorImpl - Registering named strategy selector [org.hibernate.dialect.Dialect] : [Oracle8i] -> [org.hibernate.dialect.Oracle8iDialect]
[TRACE] 2021-03-27 09:24:52.850 [main] StrategySelectorImpl - Registering named strategy selector [org.hibernate.dialect.Dialect] : [Oracle9i] -> [org.hibernate.dialect.Oracle9iDialect]
[TRACE] 2021-03-27 09:24:52.850 [main] StrategySelectorImpl - Registering named strategy selector [org.hibernate.dialect.Dialect] : [Oracle10g] -> [org.hibernate.dialect.Oracle10gDialect]
[TRACE] 2021-03-27 09:24:52.850 [main] StrategySelectorImpl - Registering named strategy selector [org.hibernate.dialect.Dialect] : [Pointbase] -> [org.hibernate.dialect.PointbaseDialect]
[TRACE] 2021-03-27 09:24:52.851 [main] StrategySelectorImpl - Registering named strategy selector [org.hibernate.dialect.Dialect] : [PostgresPlus] -> [org.hibernate.dialect.PostgresPlusDialect]
[TRACE] 2021-03-27 09:24:52.851 [main] StrategySelectorImpl - Registering named strategy selector [org.hibernate.dialect.Dialect] : [PostgreSQL81] -> [org.hibernate.dialect.PostgreSQL81Dialect]
[TRACE] 2021-03-27 09:24:52.851 [main] StrategySelectorImpl - Registering named strategy selector [org.hibernate.dialect.Dialect] : [PostgreSQL82] -> [org.hibernate.dialect.PostgreSQL82Dialect]
[TRACE] 2021-03-27 09:24:52.851 [main] StrategySelectorImpl - Registering named strategy selector [org.hibernate.dialect.Dialect] : [PostgreSQL9] -> [org.hibernate.dialect.PostgreSQL9Dialect]
[TRACE] 2021-03-27 09:24:52.851 [main] StrategySelectorImpl - Registering named strategy selector [org.hibernate.dialect.Dialect] : [Progress] -> [org.hibernate.dialect.ProgressDialect]
[TRACE] 2021-03-27 09:24:52.851 [main] StrategySelectorImpl - Registering named strategy selector [org.hibernate.dialect.Dialect] : [SAPDB] -> [org.hibernate.dialect.SAPDBDialect]
[TRACE] 2021-03-27 09:24:52.851 [main] StrategySelectorImpl - Registering named strategy selector [org.hibernate.dialect.Dialect] : [SQLServer] -> [org.hibernate.dialect.SQLServerDialect]
[TRACE] 2021-03-27 09:24:52.851 [main] StrategySelectorImpl - Registering named strategy selector [org.hibernate.dialect.Dialect] : [SQLServer2005] -> [org.hibernate.dialect.SQLServer2005Dialect]
[TRACE] 2021-03-27 09:24:52.851 [main] StrategySelectorImpl - Registering named strategy selector [org.hibernate.dialect.Dialect] : [SQLServer2008] -> [org.hibernate.dialect.SQLServer2008Dialect]
[TRACE] 2021-03-27 09:24:52.851 [main] StrategySelectorImpl - Registering named strategy selector [org.hibernate.dialect.Dialect] : [Sybase11] -> [org.hibernate.dialect.Sybase11Dialect]
[TRACE] 2021-03-27 09:24:52.851 [main] StrategySelectorImpl - Registering named strategy selector [org.hibernate.dialect.Dialect] : [SybaseAnywhere] -> [org.hibernate.dialect.SybaseAnywhereDialect]
[TRACE] 2021-03-27 09:24:52.851 [main] StrategySelectorImpl - Registering named strategy selector [org.hibernate.dialect.Dialect] : [SybaseASE15] -> [org.hibernate.dialect.SybaseASE15Dialect]
[TRACE] 2021-03-27 09:24:52.851 [main] StrategySelectorImpl - Registering named strategy selector [org.hibernate.dialect.Dialect] : [SybaseASE157] -> [org.hibernate.dialect.SybaseASE157Dialect]
[TRACE] 2021-03-27 09:24:52.852 [main] StrategySelectorImpl - Registering named strategy selector [org.hibernate.dialect.Dialect] : [Teradata] -> [org.hibernate.dialect.TeradataDialect]
[TRACE] 2021-03-27 09:24:52.852 [main] StrategySelectorImpl - Registering named strategy selector [org.hibernate.dialect.Dialect] : [TimesTen] -> [org.hibernate.dialect.TimesTenDialect]
[TRACE] 2021-03-27 09:24:52.852 [main] StrategySelectorImpl - Registering named strategy selector [org.hibernate.engine.transaction.jta.platform.spi.JtaPlatform] : [Atomikos] -> [org.hibernate.engine.transaction.jta.platform.internal.AtomikosJtaPlatform]
[TRACE] 2021-03-27 09:24:52.852 [main] StrategySelectorImpl - Registering named strategy selector [org.hibernate.engine.transaction.jta.platform.spi.JtaPlatform] : [org.hibernate.service.jta.platform.internal.AtomikosJtaPlatform] -> [org.hibernate.engine.transaction.jta.platform.internal.AtomikosJtaPlatform]
[TRACE] 2021-03-27 09:24:52.852 [main] StrategySelectorImpl - Registering named strategy selector [org.hibernate.engine.transaction.jta.platform.spi.JtaPlatform] : [Borland] -> [org.hibernate.engine.transaction.jta.platform.internal.BorlandEnterpriseServerJtaPlatform]
[TRACE] 2021-03-27 09:24:52.852 [main] StrategySelectorImpl - Registering named strategy selector [org.hibernate.engine.transaction.jta.platform.spi.JtaPlatform] : [org.hibernate.service.jta.platform.internal.BorlandEnterpriseServerJtaPlatform] -> [org.hibernate.engine.transaction.jta.platform.internal.BorlandEnterpriseServerJtaPlatform]
[TRACE] 2021-03-27 09:24:52.852 [main] StrategySelectorImpl - Registering named strategy selector [org.hibernate.engine.transaction.jta.platform.spi.JtaPlatform] : [Bitronix] -> [org.hibernate.engine.transaction.jta.platform.internal.BitronixJtaPlatform]
[TRACE] 2021-03-27 09:24:52.852 [main] StrategySelectorImpl - Registering named strategy selector [org.hibernate.engine.transaction.jta.platform.spi.JtaPlatform] : [org.hibernate.service.jta.platform.internal.BitronixJtaPlatform] -> [org.hibernate.engine.transaction.jta.platform.internal.BitronixJtaPlatform]
[TRACE] 2021-03-27 09:24:52.852 [main] StrategySelectorImpl - Registering named strategy selector [org.hibernate.engine.transaction.jta.platform.spi.JtaPlatform] : [JBossAS] -> [org.hibernate.engine.transaction.jta.platform.internal.JBossAppServerJtaPlatform]
[TRACE] 2021-03-27 09:24:52.852 [main] StrategySelectorImpl - Registering named strategy selector [org.hibernate.engine.transaction.jta.platform.spi.JtaPlatform] : [org.hibernate.service.jta.platform.internal.JBossAppServerJtaPlatform] -> [org.hibernate.engine.transaction.jta.platform.internal.JBossAppServerJtaPlatform]
[TRACE] 2021-03-27 09:24:52.852 [main] StrategySelectorImpl - Registering named strategy selector [org.hibernate.engine.transaction.jta.platform.spi.JtaPlatform] : [JBossTS] -> [org.hibernate.engine.transaction.jta.platform.internal.JBossStandAloneJtaPlatform]
[TRACE] 2021-03-27 09:24:52.852 [main] StrategySelectorImpl - Registering named strategy selector [org.hibernate.engine.transaction.jta.platform.spi.JtaPlatform] : [org.hibernate.service.jta.platform.internal.JBossStandAloneJtaPlatform] -> [org.hibernate.engine.transaction.jta.platform.internal.JBossStandAloneJtaPlatform]
[TRACE] 2021-03-27 09:24:52.852 [main] StrategySelectorImpl - Registering named strategy selector [org.hibernate.engine.transaction.jta.platform.spi.JtaPlatform] : [JOnAS] -> [org.hibernate.engine.transaction.jta.platform.internal.JOnASJtaPlatform]
[TRACE] 2021-03-27 09:24:52.852 [main] StrategySelectorImpl - Registering named strategy selector [org.hibernate.engine.transaction.jta.platform.spi.JtaPlatform] : [org.hibernate.service.jta.platform.internal.JOnASJtaPlatform] -> [org.hibernate.engine.transaction.jta.platform.internal.JOnASJtaPlatform]
[TRACE] 2021-03-27 09:24:52.852 [main] StrategySelectorImpl - Registering named strategy selector [org.hibernate.engine.transaction.jta.platform.spi.JtaPlatform] : [JOTM] -> [org.hibernate.engine.transaction.jta.platform.internal.JOTMJtaPlatform]
[TRACE] 2021-03-27 09:24:52.852 [main] StrategySelectorImpl - Registering named strategy selector [org.hibernate.engine.transaction.jta.platform.spi.JtaPlatform] : [org.hibernate.service.jta.platform.internal.JOTMJtaPlatform] -> [org.hibernate.engine.transaction.jta.platform.internal.JOTMJtaPlatform]
[TRACE] 2021-03-27 09:24:52.852 [main] StrategySelectorImpl - Registering named strategy selector [org.hibernate.engine.transaction.jta.platform.spi.JtaPlatform] : [JRun4] -> [org.hibernate.engine.transaction.jta.platform.internal.JRun4JtaPlatform]
[TRACE] 2021-03-27 09:24:52.852 [main] StrategySelectorImpl - Registering named strategy selector [org.hibernate.engine.transaction.jta.platform.spi.JtaPlatform] : [org.hibernate.service.jta.platform.internal.JRun4JtaPlatform] -> [org.hibernate.engine.transaction.jta.platform.internal.JRun4JtaPlatform]
[TRACE] 2021-03-27 09:24:52.852 [main] StrategySelectorImpl - Registering named strategy selector [org.hibernate.engine.transaction.jta.platform.spi.JtaPlatform] : [OC4J] -> [org.hibernate.engine.transaction.jta.platform.internal.OC4JJtaPlatform]
[TRACE] 2021-03-27 09:24:52.853 [main] StrategySelectorImpl - Registering named strategy selector [org.hibernate.engine.transaction.jta.platform.spi.JtaPlatform] : [org.hibernate.service.jta.platform.internal.OC4JJtaPlatform] -> [org.hibernate.engine.transaction.jta.platform.internal.OC4JJtaPlatform]
[TRACE] 2021-03-27 09:24:52.853 [main] StrategySelectorImpl - Registering named strategy selector [org.hibernate.engine.transaction.jta.platform.spi.JtaPlatform] : [Orion] -> [org.hibernate.engine.transaction.jta.platform.internal.OrionJtaPlatform]
[TRACE] 2021-03-27 09:24:52.853 [main] StrategySelectorImpl - Registering named strategy selector [org.hibernate.engine.transaction.jta.platform.spi.JtaPlatform] : [org.hibernate.service.jta.platform.internal.OrionJtaPlatform] -> [org.hibernate.engine.transaction.jta.platform.internal.OrionJtaPlatform]
[TRACE] 2021-03-27 09:24:52.853 [main] StrategySelectorImpl - Registering named strategy selector [org.hibernate.engine.transaction.jta.platform.spi.JtaPlatform] : [Resin] -> [org.hibernate.engine.transaction.jta.platform.internal.ResinJtaPlatform]
[TRACE] 2021-03-27 09:24:52.853 [main] StrategySelectorImpl - Registering named strategy selector [org.hibernate.engine.transaction.jta.platform.spi.JtaPlatform] : [org.hibernate.service.jta.platform.internal.ResinJtaPlatform] -> [org.hibernate.engine.transaction.jta.platform.internal.ResinJtaPlatform]
[TRACE] 2021-03-27 09:24:52.853 [main] StrategySelectorImpl - Registering named strategy selector [org.hibernate.engine.transaction.jta.platform.spi.JtaPlatform] : [SapNetWeaver] -> [org.hibernate.engine.transaction.jta.platform.internal.SapNetWeaverJtaPlatform]
[TRACE] 2021-03-27 09:24:52.853 [main] StrategySelectorImpl - Registering named strategy selector [org.hibernate.engine.transaction.jta.platform.spi.JtaPlatform] : [org.hibernate.service.jta.platform.internal.SapNetWeaverJtaPlatform] -> [org.hibernate.engine.transaction.jta.platform.internal.SapNetWeaverJtaPlatform]
[TRACE] 2021-03-27 09:24:52.853 [main] StrategySelectorImpl - Registering named strategy selector [org.hibernate.engine.transaction.jta.platform.spi.JtaPlatform] : [SunOne] -> [org.hibernate.engine.transaction.jta.platform.internal.SunOneJtaPlatform]
[TRACE] 2021-03-27 09:24:52.853 [main] StrategySelectorImpl - Registering named strategy selector [org.hibernate.engine.transaction.jta.platform.spi.JtaPlatform] : [org.hibernate.service.jta.platform.internal.SunOneJtaPlatform] -> [org.hibernate.engine.transaction.jta.platform.internal.SunOneJtaPlatform]
[TRACE] 2021-03-27 09:24:52.853 [main] StrategySelectorImpl - Registering named strategy selector [org.hibernate.engine.transaction.jta.platform.spi.JtaPlatform] : [Weblogic] -> [org.hibernate.engine.transaction.jta.platform.internal.WeblogicJtaPlatform]
[TRACE] 2021-03-27 09:24:52.853 [main] StrategySelectorImpl - Registering named strategy selector [org.hibernate.engine.transaction.jta.platform.spi.JtaPlatform] : [org.hibernate.service.jta.platform.internal.WeblogicJtaPlatform] -> [org.hibernate.engine.transaction.jta.platform.internal.WeblogicJtaPlatform]
[TRACE] 2021-03-27 09:24:52.853 [main] StrategySelectorImpl - Registering named strategy selector [org.hibernate.engine.transaction.jta.platform.spi.JtaPlatform] : [WebSphereLiberty] -> [org.hibernate.engine.transaction.jta.platform.internal.WebSphereLibertyJtaPlatform]
[TRACE] 2021-03-27 09:24:52.853 [main] StrategySelectorImpl - Registering named strategy selector [org.hibernate.engine.transaction.jta.platform.spi.JtaPlatform] : [org.hibernate.engine.transaction.jta.platform.internal.WebSphereLibertyJtaPlatform] -> [org.hibernate.engine.transaction.jta.platform.internal.WebSphereLibertyJtaPlatform]
[TRACE] 2021-03-27 09:24:52.853 [main] StrategySelectorImpl - Registering named strategy selector [org.hibernate.engine.transaction.jta.platform.spi.JtaPlatform] : [WebSphere] -> [org.hibernate.engine.transaction.jta.platform.internal.WebSphereJtaPlatform]
[TRACE] 2021-03-27 09:24:52.853 [main] StrategySelectorImpl - Registering named strategy selector [org.hibernate.engine.transaction.jta.platform.spi.JtaPlatform] : [org.hibernate.service.jta.platform.internal.WebSphereJtaPlatform] -> [org.hibernate.engine.transaction.jta.platform.internal.WebSphereJtaPlatform]
[TRACE] 2021-03-27 09:24:52.853 [main] StrategySelectorImpl - Registering named strategy selector [org.hibernate.engine.transaction.jta.platform.spi.JtaPlatform] : [WebSphereExtended] -> [org.hibernate.engine.transaction.jta.platform.internal.WebSphereExtendedJtaPlatform]
[TRACE] 2021-03-27 09:24:52.853 [main] StrategySelectorImpl - Registering named strategy selector [org.hibernate.engine.transaction.jta.platform.spi.JtaPlatform] : [org.hibernate.service.jta.platform.internal.WebSphereExtendedJtaPlatform] -> [org.hibernate.engine.transaction.jta.platform.internal.WebSphereExtendedJtaPlatform]
[TRACE] 2021-03-27 09:24:52.853 [main] StrategySelectorImpl - Registering named strategy selector [org.hibernate.resource.transaction.spi.TransactionCoordinatorBuilder] : [jdbc] -> [org.hibernate.resource.transaction.backend.jdbc.internal.JdbcResourceLocalTransactionCoordinatorBuilderImpl]
[TRACE] 2021-03-27 09:24:52.853 [main] StrategySelectorImpl - Registering named strategy selector [org.hibernate.resource.transaction.spi.TransactionCoordinatorBuilder] : [jta] -> [org.hibernate.resource.transaction.backend.jta.internal.JtaTransactionCoordinatorBuilderImpl]
[TRACE] 2021-03-27 09:24:52.854 [main] StrategySelectorImpl - Registering named strategy selector [org.hibernate.resource.transaction.spi.TransactionCoordinatorBuilder] : [org.hibernate.transaction.JDBCTransactionFactory] -> [org.hibernate.resource.transaction.backend.jdbc.internal.JdbcResourceLocalTransactionCoordinatorBuilderImpl]
[TRACE] 2021-03-27 09:24:52.854 [main] StrategySelectorImpl - Registering named strategy selector [org.hibernate.resource.transaction.spi.TransactionCoordinatorBuilder] : [org.hibernate.transaction.JTATransactionFactory] -> [org.hibernate.resource.transaction.backend.jta.internal.JtaTransactionCoordinatorBuilderImpl]
[TRACE] 2021-03-27 09:24:52.854 [main] StrategySelectorImpl - Registering named strategy selector [org.hibernate.resource.transaction.spi.TransactionCoordinatorBuilder] : [org.hibernate.transaction.CMTTransactionFactory] -> [org.hibernate.resource.transaction.backend.jta.internal.JtaTransactionCoordinatorBuilderImpl]
[TRACE] 2021-03-27 09:24:52.854 [main] StrategySelectorImpl - Registering named strategy selector [org.hibernate.hql.spi.id.MultiTableBulkIdStrategy] : [persistent] -> [org.hibernate.hql.spi.id.persistent.PersistentTableBulkIdStrategy]
[TRACE] 2021-03-27 09:24:52.854 [main] StrategySelectorImpl - Registering named strategy selector [org.hibernate.hql.spi.id.MultiTableBulkIdStrategy] : [global_temporary] -> [org.hibernate.hql.spi.id.global.GlobalTemporaryTableBulkIdStrategy]
[TRACE] 2021-03-27 09:24:52.854 [main] StrategySelectorImpl - Registering named strategy selector [org.hibernate.hql.spi.id.MultiTableBulkIdStrategy] : [local_temporary] -> [org.hibernate.hql.spi.id.local.LocalTemporaryTableBulkIdStrategy]
[TRACE] 2021-03-27 09:24:52.854 [main] StrategySelectorImpl - Registering named strategy selector [org.hibernate.boot.model.naming.ImplicitNamingStrategy] : [default] -> [org.hibernate.boot.model.naming.ImplicitNamingStrategyJpaCompliantImpl]
[TRACE] 2021-03-27 09:24:52.854 [main] StrategySelectorImpl - Registering named strategy selector [org.hibernate.boot.model.naming.ImplicitNamingStrategy] : [jpa] -> [org.hibernate.boot.model.naming.ImplicitNamingStrategyJpaCompliantImpl]
[TRACE] 2021-03-27 09:24:52.854 [main] StrategySelectorImpl - Registering named strategy selector [org.hibernate.boot.model.naming.ImplicitNamingStrategy] : [legacy-jpa] -> [org.hibernate.boot.model.naming.ImplicitNamingStrategyLegacyJpaImpl]
[TRACE] 2021-03-27 09:24:52.854 [main] StrategySelectorImpl - Registering named strategy selector [org.hibernate.boot.model.naming.ImplicitNamingStrategy] : [legacy-hbm] -> [org.hibernate.boot.model.naming.ImplicitNamingStrategyLegacyHbmImpl]
[TRACE] 2021-03-27 09:24:52.854 [main] StrategySelectorImpl - Registering named strategy selector [org.hibernate.boot.model.naming.ImplicitNamingStrategy] : [component-path] -> [org.hibernate.boot.model.naming.ImplicitNamingStrategyComponentPathImpl]
[TRACE] 2021-03-27 09:24:52.854 [main] StrategySelectorImpl - Registering named strategy selector [org.hibernate.cache.spi.CacheKeysFactory] : [default] -> [org.hibernate.cache.internal.DefaultCacheKeysFactory]
[TRACE] 2021-03-27 09:24:52.854 [main] StrategySelectorImpl - Registering named strategy selector [org.hibernate.cache.spi.CacheKeysFactory] : [simple] -> [org.hibernate.cache.internal.SimpleCacheKeysFactory]
[TRACE] 2021-03-27 09:24:52.858 [main] StrategySelectorImpl - Registering named strategy selector [org.hibernate.engine.jdbc.connections.spi.ConnectionProvider] : [c3p0] -> [org.hibernate.c3p0.internal.C3P0ConnectionProvider]
[TRACE] 2021-03-27 09:24:52.858 [main] StrategySelectorImpl - Registering named strategy selector [org.hibernate.engine.jdbc.connections.spi.ConnectionProvider] : [C3P0ConnectionProvider] -> [org.hibernate.c3p0.internal.C3P0ConnectionProvider]
[TRACE] 2021-03-27 09:24:52.858 [main] StrategySelectorImpl - Registering named strategy selector [org.hibernate.engine.jdbc.connections.spi.ConnectionProvider] : [org.hibernate.connection.C3P0ConnectionProvider] -> [org.hibernate.c3p0.internal.C3P0ConnectionProvider]
[TRACE] 2021-03-27 09:24:52.858 [main] StrategySelectorImpl - Registering named strategy selector [org.hibernate.engine.jdbc.connections.spi.ConnectionProvider] : [org.hibernate.service.jdbc.connections.internal.C3P0ConnectionProvider] -> [org.hibernate.c3p0.internal.C3P0ConnectionProvider]
[TRACE] 2021-03-27 09:24:52.858 [main] ClassLoaderServiceImpl - trying via [new URL("hibernate.cfg.xml")]
[TRACE] 2021-03-27 09:24:52.858 [main] ClassLoaderServiceImpl - trying via [ClassLoader.getResourceAsStream("hibernate.cfg.xml")]
[TRACE] 2021-03-27 09:24:52.860 [main] LocalXmlResourceResolver - In resolveEntity(-//Hibernate/Hibernate Configuration DTD//EN, http://www.hibernate.org/dtd/hibernate-configuration-3.0.dtd, null, null)
[DEBUG] 2021-03-27 09:24:52.860 [main] LocalXmlResourceResolver - Interpreting public/system identifier : [-//Hibernate/Hibernate Configuration DTD//EN] - [http://www.hibernate.org/dtd/hibernate-configuration-3.0.dtd]
[DEBUG] 2021-03-27 09:24:52.860 [main] LocalXmlResourceResolver - Recognized hibernate-configuration identifier; attempting to resolve on classpath under org/hibernate/
[DEBUG] 2021-03-27 09:24:52.861 [main] JaxbCfgProcessor - cfg.xml document did not define namespaces; wrapping in custom event reader to introduce namespace information
[DEBUG] 2021-03-27 09:24:52.895 [main] ServiceBinding - Overriding existing service binding [org.hibernate.secure.spi.JaccService]
[TRACE] 2021-03-27 09:24:52.895 [main] AbstractServiceRegistryImpl - Initializing service [role=org.hibernate.engine.config.spi.ConfigurationService]
[TRACE] 2021-03-27 09:24:52.895 [main] AbstractServiceRegistryImpl - Initializing service [role=org.hibernate.cache.spi.RegionFactory]
[DEBUG] 2021-03-27 09:24:52.896 [main] RegionFactoryInitiator - Cannot default RegionFactory based on registered strategies as `[]` RegionFactory strategies were registered
[DEBUG] 2021-03-27 09:24:52.896 [main] RegionFactoryInitiator - Cache region factory : org.hibernate.cache.internal.NoCachingRegionFactory
[DEBUG] 2021-03-27 09:24:52.896 [main] BasicTypeRegistry - Adding type registration boolean -> org.hibernate.type.BooleanType@68d7a2df
[DEBUG] 2021-03-27 09:24:52.896 [main] BasicTypeRegistry - Adding type registration boolean -> org.hibernate.type.BooleanType@68d7a2df
[DEBUG] 2021-03-27 09:24:52.896 [main] BasicTypeRegistry - Adding type registration java.lang.Boolean -> org.hibernate.type.BooleanType@68d7a2df
[DEBUG] 2021-03-27 09:24:52.897 [main] BasicTypeRegistry - Adding type registration numeric_boolean -> org.hibernate.type.NumericBooleanType@3ed7821
[DEBUG] 2021-03-27 09:24:52.897 [main] BasicTypeRegistry - Adding type registration true_false -> org.hibernate.type.TrueFalseType@3ee0b4f7
[DEBUG] 2021-03-27 09:24:52.897 [main] BasicTypeRegistry - Adding type registration yes_no -> org.hibernate.type.YesNoType@77bbadc
[DEBUG] 2021-03-27 09:24:52.897 [main] BasicTypeRegistry - Adding type registration byte -> org.hibernate.type.ByteType@a451491
[DEBUG] 2021-03-27 09:24:52.897 [main] BasicTypeRegistry - Adding type registration byte -> org.hibernate.type.ByteType@a451491
[DEBUG] 2021-03-27 09:24:52.897 [main] BasicTypeRegistry - Adding type registration java.lang.Byte -> org.hibernate.type.ByteType@a451491
[DEBUG] 2021-03-27 09:24:52.897 [main] BasicTypeRegistry - Adding type registration character -> org.hibernate.type.CharacterType@53e800f9
[DEBUG] 2021-03-27 09:24:52.897 [main] BasicTypeRegistry - Adding type registration char -> org.hibernate.type.CharacterType@53e800f9
[DEBUG] 2021-03-27 09:24:52.897 [main] BasicTypeRegistry - Adding type registration java.lang.Character -> org.hibernate.type.CharacterType@53e800f9
[DEBUG] 2021-03-27 09:24:52.897 [main] BasicTypeRegistry - Adding type registration short -> org.hibernate.type.ShortType@524a076e
[DEBUG] 2021-03-27 09:24:52.898 [main] BasicTypeRegistry - Adding type registration short -> org.hibernate.type.ShortType@524a076e
[DEBUG] 2021-03-27 09:24:52.898 [main] BasicTypeRegistry - Adding type registration java.lang.Short -> org.hibernate.type.ShortType@524a076e
[DEBUG] 2021-03-27 09:24:52.898 [main] BasicTypeRegistry - Adding type registration integer -> org.hibernate.type.IntegerType@6cc86152
[DEBUG] 2021-03-27 09:24:52.898 [main] BasicTypeRegistry - Adding type registration int -> org.hibernate.type.IntegerType@6cc86152
[DEBUG] 2021-03-27 09:24:52.898 [main] BasicTypeRegistry - Adding type registration java.lang.Integer -> org.hibernate.type.IntegerType@6cc86152
[DEBUG] 2021-03-27 09:24:52.898 [main] BasicTypeRegistry - Adding type registration long -> org.hibernate.type.LongType@522bf64e
[DEBUG] 2021-03-27 09:24:52.898 [main] BasicTypeRegistry - Adding type registration long -> org.hibernate.type.LongType@522bf64e
[DEBUG] 2021-03-27 09:24:52.898 [main] BasicTypeRegistry - Adding type registration java.lang.Long -> org.hibernate.type.LongType@522bf64e
[DEBUG] 2021-03-27 09:24:52.898 [main] BasicTypeRegistry - Adding type registration float -> org.hibernate.type.FloatType@2e66bc32
[DEBUG] 2021-03-27 09:24:52.898 [main] BasicTypeRegistry - Adding type registration float -> org.hibernate.type.FloatType@2e66bc32
[DEBUG] 2021-03-27 09:24:52.898 [main] BasicTypeRegistry - Adding type registration java.lang.Float -> org.hibernate.type.FloatType@2e66bc32
[DEBUG] 2021-03-27 09:24:52.898 [main] BasicTypeRegistry - Adding type registration double -> org.hibernate.type.DoubleType@77b919a3
[DEBUG] 2021-03-27 09:24:52.898 [main] BasicTypeRegistry - Adding type registration double -> org.hibernate.type.DoubleType@77b919a3
[DEBUG] 2021-03-27 09:24:52.899 [main] BasicTypeRegistry - Adding type registration java.lang.Double -> org.hibernate.type.DoubleType@77b919a3
[DEBUG] 2021-03-27 09:24:52.899 [main] BasicTypeRegistry - Adding type registration big_decimal -> org.hibernate.type.BigDecimalType@32e54a9d
[DEBUG] 2021-03-27 09:24:52.899 [main] BasicTypeRegistry - Adding type registration java.math.BigDecimal -> org.hibernate.type.BigDecimalType@32e54a9d
[DEBUG] 2021-03-27 09:24:52.899 [main] BasicTypeRegistry - Adding type registration big_integer -> org.hibernate.type.BigIntegerType@b52b755
[DEBUG] 2021-03-27 09:24:52.899 [main] BasicTypeRegistry - Adding type registration java.math.BigInteger -> org.hibernate.type.BigIntegerType@b52b755
[DEBUG] 2021-03-27 09:24:52.899 [main] BasicTypeRegistry - Adding type registration string -> org.hibernate.type.StringType@56da7487
[DEBUG] 2021-03-27 09:24:52.899 [main] BasicTypeRegistry - Adding type registration java.lang.String -> org.hibernate.type.StringType@56da7487
[DEBUG] 2021-03-27 09:24:52.899 [main] BasicTypeRegistry - Adding type registration nstring -> org.hibernate.type.StringNVarcharType@4745e9c
[DEBUG] 2021-03-27 09:24:52.899 [main] BasicTypeRegistry - Adding type registration ncharacter -> org.hibernate.type.CharacterNCharType@296e281a
[DEBUG] 2021-03-27 09:24:52.899 [main] BasicTypeRegistry - Adding type registration url -> org.hibernate.type.UrlType@7ecec90d
[DEBUG] 2021-03-27 09:24:52.899 [main] BasicTypeRegistry - Adding type registration java.net.URL -> org.hibernate.type.UrlType@7ecec90d
[DEBUG] 2021-03-27 09:24:52.899 [main] BasicTypeRegistry - Adding type registration Duration -> org.hibernate.type.DurationType@6342d610
[DEBUG] 2021-03-27 09:24:52.899 [main] BasicTypeRegistry - Adding type registration java.time.Duration -> org.hibernate.type.DurationType@6342d610
[DEBUG] 2021-03-27 09:24:52.900 [main] BasicTypeRegistry - Adding type registration Instant -> org.hibernate.type.InstantType@6540cf1d
[DEBUG] 2021-03-27 09:24:52.900 [main] BasicTypeRegistry - Adding type registration java.time.Instant -> org.hibernate.type.InstantType@6540cf1d
[DEBUG] 2021-03-27 09:24:52.900 [main] BasicTypeRegistry - Adding type registration LocalDateTime -> org.hibernate.type.LocalDateTimeType@3dfa819
[DEBUG] 2021-03-27 09:24:52.900 [main] BasicTypeRegistry - Adding type registration java.time.LocalDateTime -> org.hibernate.type.LocalDateTimeType@3dfa819
[DEBUG] 2021-03-27 09:24:52.900 [main] BasicTypeRegistry - Adding type registration LocalDate -> org.hibernate.type.LocalDateType@517a2b0
[DEBUG] 2021-03-27 09:24:52.900 [main] BasicTypeRegistry - Adding type registration java.time.LocalDate -> org.hibernate.type.LocalDateType@517a2b0
[DEBUG] 2021-03-27 09:24:52.900 [main] BasicTypeRegistry - Adding type registration LocalTime -> org.hibernate.type.LocalTimeType@97d0c06
[DEBUG] 2021-03-27 09:24:52.900 [main] BasicTypeRegistry - Adding type registration java.time.LocalTime -> org.hibernate.type.LocalTimeType@97d0c06
[DEBUG] 2021-03-27 09:24:52.900 [main] BasicTypeRegistry - Adding type registration OffsetDateTime -> org.hibernate.type.OffsetDateTimeType@4b97c4ad
[DEBUG] 2021-03-27 09:24:52.900 [main] BasicTypeRegistry - Adding type registration java.time.OffsetDateTime -> org.hibernate.type.OffsetDateTimeType@4b97c4ad
[DEBUG] 2021-03-27 09:24:52.900 [main] BasicTypeRegistry - Adding type registration OffsetTime -> org.hibernate.type.OffsetTimeType@54e2fe
[DEBUG] 2021-03-27 09:24:52.901 [main] BasicTypeRegistry - Adding type registration java.time.OffsetTime -> org.hibernate.type.OffsetTimeType@54e2fe
[DEBUG] 2021-03-27 09:24:52.901 [main] BasicTypeRegistry - Adding type registration ZonedDateTime -> org.hibernate.type.ZonedDateTimeType@709ed6f3
[DEBUG] 2021-03-27 09:24:52.901 [main] BasicTypeRegistry - Adding type registration java.time.ZonedDateTime -> org.hibernate.type.ZonedDateTimeType@709ed6f3
[DEBUG] 2021-03-27 09:24:52.901 [main] BasicTypeRegistry - Adding type registration date -> org.hibernate.type.DateType@15b642b9
[DEBUG] 2021-03-27 09:24:52.901 [main] BasicTypeRegistry - Adding type registration java.sql.Date -> org.hibernate.type.DateType@15b642b9
[DEBUG] 2021-03-27 09:24:52.901 [main] BasicTypeRegistry - Adding type registration time -> org.hibernate.type.TimeType@18b8d173
[DEBUG] 2021-03-27 09:24:52.901 [main] BasicTypeRegistry - Adding type registration java.sql.Time -> org.hibernate.type.TimeType@18b8d173
[DEBUG] 2021-03-27 09:24:52.901 [main] BasicTypeRegistry - Adding type registration timestamp -> org.hibernate.type.TimestampType@748d2277
[DEBUG] 2021-03-27 09:24:52.901 [main] BasicTypeRegistry - Adding type registration java.sql.Timestamp -> org.hibernate.type.TimestampType@748d2277
[DEBUG] 2021-03-27 09:24:52.901 [main] BasicTypeRegistry - Adding type registration java.util.Date -> org.hibernate.type.TimestampType@748d2277
[DEBUG] 2021-03-27 09:24:52.901 [main] BasicTypeRegistry - Adding type registration dbtimestamp -> org.hibernate.type.DbTimestampType@39a87e72
[DEBUG] 2021-03-27 09:24:52.901 [main] BasicTypeRegistry - Adding type registration calendar -> org.hibernate.type.CalendarType@2f4c2cd4
[DEBUG] 2021-03-27 09:24:52.901 [main] BasicTypeRegistry - Adding type registration java.util.Calendar -> org.hibernate.type.CalendarType@2f4c2cd4
[DEBUG] 2021-03-27 09:24:52.902 [main] BasicTypeRegistry - Adding type registration java.util.GregorianCalendar -> org.hibernate.type.CalendarType@2f4c2cd4
[DEBUG] 2021-03-27 09:24:52.902 [main] BasicTypeRegistry - Adding type registration calendar_date -> org.hibernate.type.CalendarDateType@561b7d53
[DEBUG] 2021-03-27 09:24:52.902 [main] BasicTypeRegistry - Adding type registration locale -> org.hibernate.type.LocaleType@1457fde
[DEBUG] 2021-03-27 09:24:52.902 [main] BasicTypeRegistry - Adding type registration java.util.Locale -> org.hibernate.type.LocaleType@1457fde
[DEBUG] 2021-03-27 09:24:52.911 [main] BasicTypeRegistry - Adding type registration currency -> org.hibernate.type.CurrencyType@60c8a093
[DEBUG] 2021-03-27 09:24:52.912 [main] BasicTypeRegistry - Adding type registration java.util.Currency -> org.hibernate.type.CurrencyType@60c8a093
[DEBUG] 2021-03-27 09:24:52.912 [main] BasicTypeRegistry - Adding type registration timezone -> org.hibernate.type.TimeZoneType@75d982d3
[DEBUG] 2021-03-27 09:24:52.912 [main] BasicTypeRegistry - Adding type registration java.util.TimeZone -> org.hibernate.type.TimeZoneType@75d982d3
[DEBUG] 2021-03-27 09:24:52.912 [main] BasicTypeRegistry - Adding type registration class -> org.hibernate.type.ClassType@3204e238
[DEBUG] 2021-03-27 09:24:52.912 [main] BasicTypeRegistry - Adding type registration java.lang.Class -> org.hibernate.type.ClassType@3204e238
[DEBUG] 2021-03-27 09:24:52.912 [main] BasicTypeRegistry - Adding type registration uuid-binary -> org.hibernate.type.UUIDBinaryType@eac3a26
[DEBUG] 2021-03-27 09:24:52.912 [main] BasicTypeRegistry - Adding type registration java.util.UUID -> org.hibernate.type.UUIDBinaryType@eac3a26
[DEBUG] 2021-03-27 09:24:52.912 [main] BasicTypeRegistry - Adding type registration uuid-char -> org.hibernate.type.UUIDCharType@142213d5
[DEBUG] 2021-03-27 09:24:52.913 [main] BasicTypeRegistry - Adding type registration binary -> org.hibernate.type.BinaryType@127a7272
[DEBUG] 2021-03-27 09:24:52.913 [main] BasicTypeRegistry - Adding type registration byte[] -> org.hibernate.type.BinaryType@127a7272
[DEBUG] 2021-03-27 09:24:52.913 [main] BasicTypeRegistry - Adding type registration [B -> org.hibernate.type.BinaryType@127a7272
[DEBUG] 2021-03-27 09:24:52.913 [main] BasicTypeRegistry - Adding type registration wrapper-binary -> org.hibernate.type.WrapperBinaryType@f1d0004
[DEBUG] 2021-03-27 09:24:52.913 [main] BasicTypeRegistry - Adding type registration Byte[] -> org.hibernate.type.WrapperBinaryType@f1d0004
[DEBUG] 2021-03-27 09:24:52.913 [main] BasicTypeRegistry - Adding type registration [Ljava.lang.Byte; -> org.hibernate.type.WrapperBinaryType@f1d0004
[DEBUG] 2021-03-27 09:24:52.913 [main] BasicTypeRegistry - Adding type registration row_version -> org.hibernate.type.RowVersionType@41294371
[DEBUG] 2021-03-27 09:24:52.913 [main] BasicTypeRegistry - Adding type registration image -> org.hibernate.type.ImageType@3a66e67e
[DEBUG] 2021-03-27 09:24:52.913 [main] BasicTypeRegistry - Adding type registration characters -> org.hibernate.type.CharArrayType@534180a2
[DEBUG] 2021-03-27 09:24:52.913 [main] BasicTypeRegistry - Adding type registration char[] -> org.hibernate.type.CharArrayType@534180a2
[DEBUG] 2021-03-27 09:24:52.913 [main] BasicTypeRegistry - Adding type registration [C -> org.hibernate.type.CharArrayType@534180a2
[DEBUG] 2021-03-27 09:24:52.913 [main] BasicTypeRegistry - Adding type registration wrapper-characters -> org.hibernate.type.CharacterArrayType@3c3c4a71
[DEBUG] 2021-03-27 09:24:52.913 [main] BasicTypeRegistry - Adding type registration [Ljava.lang.Character; -> org.hibernate.type.CharacterArrayType@3c3c4a71
[DEBUG] 2021-03-27 09:24:52.914 [main] BasicTypeRegistry - Adding type registration Character[] -> org.hibernate.type.CharacterArrayType@3c3c4a71
[DEBUG] 2021-03-27 09:24:52.914 [main] BasicTypeRegistry - Adding type registration text -> org.hibernate.type.TextType@75de6341
[DEBUG] 2021-03-27 09:24:52.914 [main] BasicTypeRegistry - Adding type registration ntext -> org.hibernate.type.NTextType@3b545206
[DEBUG] 2021-03-27 09:24:52.914 [main] BasicTypeRegistry - Adding type registration blob -> org.hibernate.type.BlobType@3aa41da1
[DEBUG] 2021-03-27 09:24:52.914 [main] BasicTypeRegistry - Adding type registration java.sql.Blob -> org.hibernate.type.BlobType@3aa41da1
[DEBUG] 2021-03-27 09:24:52.914 [main] BasicTypeRegistry - Adding type registration materialized_blob -> org.hibernate.type.MaterializedBlobType@3d7fb838
[DEBUG] 2021-03-27 09:24:52.914 [main] BasicTypeRegistry - Adding type registration clob -> org.hibernate.type.ClobType@64d4f7c7
[DEBUG] 2021-03-27 09:24:52.914 [main] BasicTypeRegistry - Adding type registration java.sql.Clob -> org.hibernate.type.ClobType@64d4f7c7
[DEBUG] 2021-03-27 09:24:52.915 [main] BasicTypeRegistry - Adding type registration nclob -> org.hibernate.type.NClobType@46a145ba
[DEBUG] 2021-03-27 09:24:52.915 [main] BasicTypeRegistry - Adding type registration java.sql.NClob -> org.hibernate.type.NClobType@46a145ba
[DEBUG] 2021-03-27 09:24:52.915 [main] BasicTypeRegistry - Adding type registration materialized_clob -> org.hibernate.type.MaterializedClobType@7afc4db9
[DEBUG] 2021-03-27 09:24:52.916 [main] BasicTypeRegistry - Adding type registration materialized_nclob -> org.hibernate.type.MaterializedNClobType@4acb7ecc
[DEBUG] 2021-03-27 09:24:52.916 [main] BasicTypeRegistry - Adding type registration serializable -> org.hibernate.type.SerializableType@7f5538a1
[DEBUG] 2021-03-27 09:24:52.916 [main] BasicTypeRegistry - Adding type registration object -> org.hibernate.type.ObjectType@58434b19
[DEBUG] 2021-03-27 09:24:52.916 [main] BasicTypeRegistry - Adding type registration java.lang.Object -> org.hibernate.type.ObjectType@58434b19
[DEBUG] 2021-03-27 09:24:52.916 [main] BasicTypeRegistry - Adding type registration imm_date -> org.hibernate.type.AdaptedImmutableType@2a39aa2b
[DEBUG] 2021-03-27 09:24:52.916 [main] BasicTypeRegistry - Adding type registration imm_time -> org.hibernate.type.AdaptedImmutableType@62b93086
[DEBUG] 2021-03-27 09:24:52.916 [main] BasicTypeRegistry - Adding type registration imm_timestamp -> org.hibernate.type.AdaptedImmutableType@254449bb
[DEBUG] 2021-03-27 09:24:52.917 [main] BasicTypeRegistry - Adding type registration imm_dbtimestamp -> org.hibernate.type.AdaptedImmutableType@4e642ee1
[DEBUG] 2021-03-27 09:24:52.917 [main] BasicTypeRegistry - Adding type registration imm_calendar -> org.hibernate.type.AdaptedImmutableType@29ebbdf4
[DEBUG] 2021-03-27 09:24:52.917 [main] BasicTypeRegistry - Adding type registration imm_calendar_date -> org.hibernate.type.AdaptedImmutableType@2fd954f
[DEBUG] 2021-03-27 09:24:52.917 [main] BasicTypeRegistry - Adding type registration imm_binary -> org.hibernate.type.AdaptedImmutableType@5731d3a
[DEBUG] 2021-03-27 09:24:52.917 [main] BasicTypeRegistry - Adding type registration imm_serializable -> org.hibernate.type.AdaptedImmutableType@6a0f2853
[TRACE] 2021-03-27 09:24:52.918 [main] AbstractServiceRegistryImpl - Initializing service [role=org.hibernate.boot.cfgxml.spi.CfgXmlAccessService]
[TRACE] 2021-03-27 09:24:52.920 [main] AbstractServiceRegistryImpl - Initializing service [role=org.hibernate.id.factory.spi.MutableIdentifierGeneratorFactory]
[DEBUG] 2021-03-27 09:24:52.920 [main] DefaultIdentifierGeneratorFactory - Registering IdentifierGenerator strategy [uuid2] -> [org.hibernate.id.UUIDGenerator]
[DEBUG] 2021-03-27 09:24:52.920 [main] DefaultIdentifierGeneratorFactory - Registering IdentifierGenerator strategy [guid] -> [org.hibernate.id.GUIDGenerator]
[DEBUG] 2021-03-27 09:24:52.920 [main] DefaultIdentifierGeneratorFactory - Registering IdentifierGenerator strategy [uuid] -> [org.hibernate.id.UUIDHexGenerator]
[DEBUG] 2021-03-27 09:24:52.920 [main] DefaultIdentifierGeneratorFactory - Registering IdentifierGenerator strategy [uuid.hex] -> [org.hibernate.id.UUIDHexGenerator]
[DEBUG] 2021-03-27 09:24:52.920 [main] DefaultIdentifierGeneratorFactory - Registering IdentifierGenerator strategy [assigned] -> [org.hibernate.id.Assigned]
[DEBUG] 2021-03-27 09:24:52.920 [main] DefaultIdentifierGeneratorFactory - Registering IdentifierGenerator strategy [identity] -> [org.hibernate.id.IdentityGenerator]
[DEBUG] 2021-03-27 09:24:52.920 [main] DefaultIdentifierGeneratorFactory - Registering IdentifierGenerator strategy [select] -> [org.hibernate.id.SelectGenerator]
[DEBUG] 2021-03-27 09:24:52.920 [main] DefaultIdentifierGeneratorFactory - Registering IdentifierGenerator strategy [sequence] -> [org.hibernate.id.enhanced.SequenceStyleGenerator]
[DEBUG] 2021-03-27 09:24:52.920 [main] DefaultIdentifierGeneratorFactory - Registering IdentifierGenerator strategy [seqhilo] -> [org.hibernate.id.SequenceHiLoGenerator]
[DEBUG] 2021-03-27 09:24:52.920 [main] DefaultIdentifierGeneratorFactory - Registering IdentifierGenerator strategy [increment] -> [org.hibernate.id.IncrementGenerator]
[DEBUG] 2021-03-27 09:24:52.920 [main] DefaultIdentifierGeneratorFactory - Registering IdentifierGenerator strategy [foreign] -> [org.hibernate.id.ForeignGenerator]
[DEBUG] 2021-03-27 09:24:52.921 [main] DefaultIdentifierGeneratorFactory - Registering IdentifierGenerator strategy [sequence-identity] -> [org.hibernate.id.SequenceIdentityGenerator]
[DEBUG] 2021-03-27 09:24:52.921 [main] DefaultIdentifierGeneratorFactory - Registering IdentifierGenerator strategy [enhanced-sequence] -> [org.hibernate.id.enhanced.SequenceStyleGenerator]
[DEBUG] 2021-03-27 09:24:52.921 [main] DefaultIdentifierGeneratorFactory - Registering IdentifierGenerator strategy [enhanced-table] -> [org.hibernate.id.enhanced.TableGenerator]
[TRACE] 2021-03-27 09:24:52.921 [main] AbstractServiceRegistryImpl - Initializing service [role=org.hibernate.engine.jdbc.env.spi.JdbcEnvironment]
[TRACE] 2021-03-27 09:24:52.921 [main] AbstractServiceRegistryImpl - Initializing service [role=org.hibernate.engine.jdbc.dialect.spi.DialectFactory]
[TRACE] 2021-03-27 09:24:52.921 [main] AbstractServiceRegistryImpl - Initializing service [role=org.hibernate.engine.jdbc.dialect.spi.DialectResolver]
[TRACE] 2021-03-27 09:24:52.921 [main] AbstractServiceRegistryImpl - Initializing service [role=org.hibernate.engine.jdbc.connections.spi.ConnectionProvider]
[INFO ] 2021-03-27 09:24:52.921 [main] C3P0ConnectionProvider - HHH010002: C3P0 using driver: com.mysql.cj.jdbc.Driver at URL: jdbc:mysql://localhost:3306/test_labpal
[INFO ] 2021-03-27 09:24:52.921 [main] C3P0ConnectionProvider - HHH10001001: Connection properties: {password=****, user=arice}
[INFO ] 2021-03-27 09:24:52.921 [main] C3P0ConnectionProvider - HHH10001003: Autocommit mode: false
[INFO ] 2021-03-27 09:24:52.960 [main] C3P0ConnectionProvider - HHH10001007: JDBC isolation level: <unknown>
